[ERROR] [2019-12-09 19:19:09] ChannelHandler.exceptionCaught(153) | network error 
java.io.IOException: Connection reset by peer
	at sun.nio.ch.FileDispatcherImpl.read0(Native Method)
	at sun.nio.ch.SocketDispatcher.read(SocketDispatcher.java:39)
	at sun.nio.ch.IOUtil.readIntoNativeBuffer(IOUtil.java:223)
	at sun.nio.ch.IOUtil.read(IOUtil.java:192)
	at sun.nio.ch.SocketChannelImpl.read(SocketChannelImpl.java:380)
	at io.netty.buffer.PooledUnsafeDirectByteBuf.setBytes(PooledUnsafeDirectByteBuf.java:288)
	at io.netty.buffer.AbstractByteBuf.writeBytes(AbstractByteBuf.java:1132)
	at io.netty.channel.socket.nio.NioSocketChannel.doReadBytes(NioSocketChannel.java:347)
	at io.netty.channel.nio.AbstractNioByteChannel$NioByteUnsafe.read(AbstractNioByteChannel.java:148)
	at io.netty.channel.nio.NioEventLoop.processSelectedKey(NioEventLoop.java:656)
	at io.netty.channel.nio.NioEventLoop.processSelectedKeysOptimized(NioEventLoop.java:591)
	at io.netty.channel.nio.NioEventLoop.processSelectedKeys(NioEventLoop.java:508)
	at io.netty.channel.nio.NioEventLoop.run(NioEventLoop.java:470)
	at io.netty.util.concurrent.SingleThreadEventExecutor$5.run(SingleThreadEventExecutor.java:909)
	at io.netty.util.concurrent.FastThreadLocalRunnable.run(FastThreadLocalRunnable.java:30)
	at java.lang.Thread.run(Thread.java:748)
[ERROR] [2019-12-09 19:26:08] ChannelConnections.randomNetworkConnection(213) | activeConnections isEmpty
[ERROR] [2019-12-09 19:26:08] Service.asyncSendEthereumMessage(568) | system error:{} 
java.lang.Exception: activeConnections isEmpty
	at org.fisco.bcos.channel.handler.ChannelConnections.randomNetworkConnection(ChannelConnections.java:214)
	at org.fisco.bcos.channel.client.Service.asyncSendEthereumMessage(Service.java:533)
	at org.fisco.bcos.channel.client.Service.sendEthereumMessage(Service.java:390)
	at org.fisco.bcos.web3j.protocol.channel.ChannelEthereumService.send(ChannelEthereumService.java:54)
	at org.fisco.bcos.web3j.protocol.core.Request.send(Request.java:90)
	at org.fisco.bcos.web3j.tx.Contract.getTheTransactionManager(Contract.java:100)
	at org.fisco.bcos.web3j.tx.Contract.<init>(Contract.java:88)
	at temp.Work.<init>(Work.java:57)
	at temp.Work.load(Work.java:253)
	at sun.reflect.GeneratedMethodAccessor41.invoke(Unknown Source)
	at sun.reflect.DelegatingMethodAccessorImpl.invoke(DelegatingMethodAccessorImpl.java:43)
	at java.lang.reflect.Method.invoke(Method.java:498)
	at console.contract.ContractImpl.call(ContractImpl.java:270)
	at console.ConsoleClient.main(ConsoleClient.java:107)
[ERROR] [2019-12-09 19:26:08] Contract.getTheTransactionManager(114) | Query fisco-bcos version failed
java.io.IOException: activeConnections isEmpty Requset send failed! Can not connect to nodes success, please checkout the node status and the sdk config!
	at org.fisco.bcos.web3j.protocol.channel.ChannelEthereumService.send(ChannelEthereumService.java:98)
	at org.fisco.bcos.web3j.protocol.core.Request.send(Request.java:90)
	at org.fisco.bcos.web3j.tx.Contract.getTheTransactionManager(Contract.java:100)
	at org.fisco.bcos.web3j.tx.Contract.<init>(Contract.java:88)
	at temp.Work.<init>(Work.java:57)
	at temp.Work.load(Work.java:253)
	at sun.reflect.GeneratedMethodAccessor41.invoke(Unknown Source)
	at sun.reflect.DelegatingMethodAccessorImpl.invoke(DelegatingMethodAccessorImpl.java:43)
	at java.lang.reflect.Method.invoke(Method.java:498)
	at console.contract.ContractImpl.call(ContractImpl.java:270)
	at console.ConsoleClient.main(ConsoleClient.java:107)
[ERROR] [2019-12-09 19:26:08] ChannelConnections.randomNetworkConnection(213) | activeConnections isEmpty
[ERROR] [2019-12-09 19:26:08] Service.asyncSendEthereumMessage(568) | system error:{} 
java.lang.Exception: activeConnections isEmpty
	at org.fisco.bcos.channel.handler.ChannelConnections.randomNetworkConnection(ChannelConnections.java:214)
	at org.fisco.bcos.channel.client.Service.asyncSendEthereumMessage(Service.java:533)
	at org.fisco.bcos.channel.client.Service.sendEthereumMessage(Service.java:390)
	at org.fisco.bcos.web3j.protocol.channel.ChannelEthereumService.send(ChannelEthereumService.java:54)
	at org.fisco.bcos.web3j.protocol.core.Request.send(Request.java:90)
	at org.fisco.bcos.web3j.tx.Contract.getTheTransactionManager(Contract.java:100)
	at org.fisco.bcos.web3j.precompile.cns.CnsService.<init>(CnsService.java:38)
	at org.fisco.bcos.web3j.precompile.cns.CnsService.<init>(CnsService.java:43)
	at org.fisco.bcos.web3j.tx.ManagedTransaction.<init>(ManagedTransaction.java:26)
	at org.fisco.bcos.web3j.tx.Contract.<init>(Contract.java:71)
	at org.fisco.bcos.web3j.tx.Contract.<init>(Contract.java:84)
	at temp.Work.<init>(Work.java:57)
	at temp.Work.load(Work.java:253)
	at sun.reflect.GeneratedMethodAccessor41.invoke(Unknown Source)
	at sun.reflect.DelegatingMethodAccessorImpl.invoke(DelegatingMethodAccessorImpl.java:43)
	at java.lang.reflect.Method.invoke(Method.java:498)
	at console.contract.ContractImpl.call(ContractImpl.java:270)
	at console.ConsoleClient.main(ConsoleClient.java:107)
[ERROR] [2019-12-09 19:26:08] Contract.getTheTransactionManager(114) | Query fisco-bcos version failed
java.io.IOException: activeConnections isEmpty Requset send failed! Can not connect to nodes success, please checkout the node status and the sdk config!
	at org.fisco.bcos.web3j.protocol.channel.ChannelEthereumService.send(ChannelEthereumService.java:98)
	at org.fisco.bcos.web3j.protocol.core.Request.send(Request.java:90)
	at org.fisco.bcos.web3j.tx.Contract.getTheTransactionManager(Contract.java:100)
	at org.fisco.bcos.web3j.precompile.cns.CnsService.<init>(CnsService.java:38)
	at org.fisco.bcos.web3j.precompile.cns.CnsService.<init>(CnsService.java:43)
	at org.fisco.bcos.web3j.tx.ManagedTransaction.<init>(ManagedTransaction.java:26)
	at org.fisco.bcos.web3j.tx.Contract.<init>(Contract.java:71)
	at org.fisco.bcos.web3j.tx.Contract.<init>(Contract.java:84)
	at temp.Work.<init>(Work.java:57)
	at temp.Work.load(Work.java:253)
	at sun.reflect.GeneratedMethodAccessor41.invoke(Unknown Source)
	at sun.reflect.DelegatingMethodAccessorImpl.invoke(DelegatingMethodAccessorImpl.java:43)
	at java.lang.reflect.Method.invoke(Method.java:498)
	at console.contract.ContractImpl.call(ContractImpl.java:270)
	at console.ConsoleClient.main(ConsoleClient.java:107)
[ERROR] [2019-12-09 19:26:08] ChannelConnections.randomNetworkConnection(213) | activeConnections isEmpty
[ERROR] [2019-12-09 19:26:08] Service.asyncSendEthereumMessage(568) | system error:{} 
java.lang.Exception: activeConnections isEmpty
	at org.fisco.bcos.channel.handler.ChannelConnections.randomNetworkConnection(ChannelConnections.java:214)
	at org.fisco.bcos.channel.client.Service.asyncSendEthereumMessage(Service.java:533)
	at org.fisco.bcos.channel.client.Service.asyncSendEthereumMessage(Service.java:439)
	at org.fisco.bcos.web3j.protocol.channel.ChannelEthereumService.sendOnly(ChannelEthereumService.java:142)
	at org.fisco.bcos.web3j.protocol.core.Request.sendOnly(Request.java:94)
	at org.fisco.bcos.web3j.tx.ExtendedRawTransactionManager.sendTransaction(ExtendedRawTransactionManager.java:173)
	at org.fisco.bcos.web3j.tx.ExtendedRawTransactionManager.signAndSend(ExtendedRawTransactionManager.java:216)
	at org.fisco.bcos.web3j.tx.ExtendedRawTransactionManager.sendTransaction(ExtendedRawTransactionManager.java:147)
	at org.fisco.bcos.web3j.tx.ManagedTransaction.sendOnly(ManagedTransaction.java:52)
	at org.fisco.bcos.web3j.tx.Contract.asyncExecuteTransaction(Contract.java:407)
	at org.fisco.bcos.web3j.tx.Contract.executeTransaction(Contract.java:361)
	at org.fisco.bcos.web3j.tx.Contract.lambda$executeRemoteCallTransaction$3(Contract.java:454)
	at org.fisco.bcos.web3j.protocol.core.RemoteCall.send(RemoteCall.java:28)
	at console.contract.ContractImpl.call(ContractImpl.java:303)
	at console.ConsoleClient.main(ConsoleClient.java:107)
