[2019-11-08 16:52:50] [INFO]   os.getcwd() is /home/fisco-bcos/webase-deploy
[2019-11-08 16:52:50] [INFO]   os.getcwd() is /home/fisco-bcos/webase-deploy
[2019-11-08 16:52:56] [INFO]   os.getcwd() is /home/fisco-bcos/webase-deploy
[2019-11-08 16:52:56] [INFO]   os.getcwd() is /home/fisco-bcos/webase-deploy
[2019-11-08 16:52:56] [INFO]  execute cmd  start ,cmd : which git
[2019-11-08 16:52:56] [INFO]  execute cmd  end ,cmd : which git,status :0 , output: /usr/bin/git
[2019-11-08 16:52:56] [INFO]  execute cmd  start ,cmd : which openssl
[2019-11-08 16:52:56] [INFO]  execute cmd  end ,cmd : which openssl,status :0 , output: /usr/bin/openssl
[2019-11-08 16:52:56] [INFO]  execute cmd  start ,cmd : which curl
[2019-11-08 16:52:56] [INFO]  execute cmd  end ,cmd : which curl,status :0 , output: /usr/bin/curl
[2019-11-08 16:52:56] [INFO]  execute cmd  start ,cmd : which nginx
[2019-11-08 16:52:56] [INFO]  execute cmd  end ,cmd : which nginx,status :1 , output: 
[2019-11-08 16:53:30] [INFO]  execute cmd  start ,cmd : java -version
[2019-11-08 16:53:30] [INFO]  execute cmd  end ,cmd : java -version,status :0 , output: openjdk version "1.8.0_222"
OpenJDK Runtime Environment (build 1.8.0_222-8u222-b10-1ubuntu1~18.04.1-b10)
OpenJDK 64-Bit Server VM (build 25.222-b10, mixed mode)
[2019-11-08 16:53:30] [INFO]  execute cmd  start ,cmd : echo $JAVA_HOME
[2019-11-08 16:53:30] [INFO]  execute cmd  end ,cmd : echo $JAVA_HOME,status :0 , output: 
[2019-11-08 17:23:38] [INFO]   os.getcwd() is /home/fisco-bcos/webase-deploy
[2019-11-08 17:23:38] [INFO]   os.getcwd() is /home/fisco-bcos/webase-deploy
[2019-11-08 17:23:38] [INFO]  execute cmd  start ,cmd : which git
[2019-11-08 17:23:38] [INFO]  execute cmd  end ,cmd : which git,status :0 , output: /usr/bin/git
[2019-11-08 17:23:38] [INFO]  execute cmd  start ,cmd : which openssl
[2019-11-08 17:23:38] [INFO]  execute cmd  end ,cmd : which openssl,status :0 , output: /usr/bin/openssl
[2019-11-08 17:23:38] [INFO]  execute cmd  start ,cmd : which curl
[2019-11-08 17:23:38] [INFO]  execute cmd  end ,cmd : which curl,status :0 , output: /usr/bin/curl
[2019-11-08 17:23:38] [INFO]  execute cmd  start ,cmd : which nginx
[2019-11-08 17:23:38] [INFO]  execute cmd  end ,cmd : which nginx,status :0 , output: /usr/sbin/nginx
[2019-11-08 17:23:38] [INFO]  execute cmd  start ,cmd : java -version
[2019-11-08 17:23:38] [INFO]  execute cmd  end ,cmd : java -version,status :0 , output: openjdk version "1.8.0_222"
OpenJDK Runtime Environment (build 1.8.0_222-8u222-b10-1ubuntu1~18.04.1-b10)
OpenJDK 64-Bit Server VM (build 25.222-b10, mixed mode)
[2019-11-08 17:23:38] [INFO]  execute cmd  start ,cmd : echo $JAVA_HOME
[2019-11-08 17:23:38] [INFO]  execute cmd  end ,cmd : echo $JAVA_HOME,status :0 , output: /usr/java/jdk1.8.0_231
[2019-11-08 17:23:38] [INFO]   os.getcwd() is /home/fisco-bcos/webase-deploy
[2019-11-08 17:23:38] [INFO]  commProperties is /home/fisco-bcos/webase-deploy/common.properties 
[2019-11-08 17:23:38] [INFO]   os.getcwd() is /home/fisco-bcos/webase-deploy
[2019-11-08 17:23:38] [INFO]  commProperties is /home/fisco-bcos/webase-deploy/common.properties 
[2019-11-08 17:23:38] [INFO]   os.getcwd() is /home/fisco-bcos/webase-deploy
[2019-11-08 17:23:38] [INFO]  commProperties is /home/fisco-bcos/webase-deploy/common.properties 
[2019-11-08 17:23:38] [INFO]   os.getcwd() is /home/fisco-bcos/webase-deploy
[2019-11-08 17:23:38] [INFO]  commProperties is /home/fisco-bcos/webase-deploy/common.properties 
[2019-11-08 17:23:38] [INFO]   os.getcwd() is /home/fisco-bcos/webase-deploy
[2019-11-08 17:23:38] [INFO]  commProperties is /home/fisco-bcos/webase-deploy/common.properties 
[2019-11-08 17:23:38] [INFO]   os.getcwd() is /home/fisco-bcos/webase-deploy
[2019-11-08 17:23:38] [INFO]  commProperties is /home/fisco-bcos/webase-deploy/common.properties 
[2019-11-08 17:23:38] [INFO]   os.getcwd() is /home/fisco-bcos/webase-deploy
[2019-11-08 17:23:38] [INFO]  commProperties is /home/fisco-bcos/webase-deploy/common.properties 
[2019-11-08 17:23:38] [INFO]   os.getcwd() is /home/fisco-bcos/webase-deploy
[2019-11-08 17:23:38] [INFO]  commProperties is /home/fisco-bcos/webase-deploy/common.properties 
[2019-11-08 17:23:38] [INFO]   os.getcwd() is /home/fisco-bcos/webase-deploy
[2019-11-08 17:23:38] [INFO]  commProperties is /home/fisco-bcos/webase-deploy/common.properties 
[2019-11-08 17:23:38] [INFO]   os.getcwd() is /home/fisco-bcos/webase-deploy
[2019-11-08 17:23:38] [INFO]  commProperties is /home/fisco-bcos/webase-deploy/common.properties 
[2019-11-08 17:23:38] [INFO]   os.getcwd() is /home/fisco-bcos/webase-deploy
[2019-11-08 17:23:38] [INFO]  commProperties is /home/fisco-bcos/webase-deploy/common.properties 
[2019-11-08 17:23:38] [INFO]   os.getcwd() is /home/fisco-bcos/webase-deploy
[2019-11-08 17:23:38] [INFO]  commProperties is /home/fisco-bcos/webase-deploy/common.properties 
[2019-11-08 17:23:38] [INFO]   os.getcwd() is /home/fisco-bcos/webase-deploy
[2019-11-08 17:23:38] [INFO]  commProperties is /home/fisco-bcos/webase-deploy/common.properties 
[2019-11-08 17:23:38] [INFO]   os.getcwd() is /home/fisco-bcos/webase-deploy
[2019-11-08 17:23:38] [INFO]  commProperties is /home/fisco-bcos/webase-deploy/common.properties 
[2019-11-08 17:23:38] [INFO]   os.getcwd() is /home/fisco-bcos/webase-deploy
[2019-11-08 17:23:38] [INFO]  commProperties is /home/fisco-bcos/webase-deploy/common.properties 
[2019-11-08 17:23:38] [INFO]   os.getcwd() is /home/fisco-bcos/webase-deploy
[2019-11-08 17:23:38] [INFO]  commProperties is /home/fisco-bcos/webase-deploy/common.properties 
[2019-11-08 17:23:38] [INFO]   os.getcwd() is /home/fisco-bcos/webase-deploy
[2019-11-08 17:23:38] [INFO]  commProperties is /home/fisco-bcos/webase-deploy/common.properties 
[2019-11-08 17:23:38] [INFO]  execute cmd  start ,cmd : cp -f nodeconf nodetemp
[2019-11-08 17:23:38] [INFO]  execute cmd  end ,cmd : cp -f nodeconf nodetemp,status :0 , output: 
[2019-11-08 17:23:38] [INFO]  execute cmd  start ,cmd : sed -i "s/nodeCounts/2/g" nodeconf
[2019-11-08 17:23:38] [INFO]  execute cmd  end ,cmd : sed -i "s/nodeCounts/2/g" nodeconf,status :0 , output: 
[2019-11-08 17:23:43] [INFO]   os.getcwd() is /home/fisco-bcos/webase-deploy
[2019-11-08 17:23:43] [INFO]  commProperties is /home/fisco-bcos/webase-deploy/common.properties 
[2019-11-08 17:23:43] [INFO]   os.getcwd() is /home/fisco-bcos/webase-deploy
[2019-11-08 17:23:43] [INFO]  commProperties is /home/fisco-bcos/webase-deploy/common.properties 
[2019-11-08 17:23:43] [INFO]  execute cmd  start ,cmd : chmod u+x *.sh
[2019-11-08 17:23:43] [INFO]  execute cmd  end ,cmd : chmod u+x *.sh,status :0 , output: 
[2019-11-08 17:23:43] [INFO]  execute cmd  start ,cmd : dos2unix *.sh
[2019-11-08 17:23:43] [INFO]  execute cmd  end ,cmd : dos2unix *.sh,status :127 , output: /bin/sh: 1: dos2unix: not found
[2019-11-08 17:23:44] [INFO]   os.getcwd() is /home/fisco-bcos/webase-deploy
[2019-11-08 17:23:44] [INFO]  commProperties is /home/fisco-bcos/webase-deploy/common.properties 
[2019-11-08 17:23:44] [INFO]   os.getcwd() is /home/fisco-bcos/webase-deploy
[2019-11-08 17:23:50] [INFO]   os.getcwd() is /home/fisco-bcos/webase-deploy
[2019-11-08 17:23:50] [INFO]  execute cmd  start ,cmd : unzip -o webase-web.zip
[2019-11-08 17:23:50] [INFO]  execute cmd  end ,cmd : unzip -o webase-web.zip,status :0 , output: Archive:  webase-web.zip
   creating: webase-web/
  inflating: webase-web/index.html   
   creating: webase-web/static/
   creating: webase-web/static/css/
  inflating: webase-web/static/css/base.css  
  inflating: webase-web/static/css/reset.css  
   creating: webase-web/static/font/
   creating: webase-web/static/fonts/
  inflating: webase-web/static/fonts/element-icons.535877f.woff  
  inflating: webase-web/static/fonts/element-icons.732389d.ttf  
  inflating: webase-web/static/fonts/iconfont.0f6f5b2.eot  
  inflating: webase-web/static/fonts/iconfont.a6ce7b8.ttf  
  inflating: webase-web/static/font/webfont.eot  
  inflating: webase-web/static/font/webfont.svg  
  inflating: webase-web/static/font/webfont.ttf  
  inflating: webase-web/static/font/webfont.woff  
 extracting: webase-web/static/font/webfont.woff2  
   creating: webase-web/static/image/
 extracting: webase-web/static/image/artboard.png  
  inflating: webase-web/static/image/banner-1.jpg  
  inflating: webase-web/static/image/banner.jpg  
  inflating: webase-web/static/image/banner.png  
  inflating: webase-web/static/image/logo-2 copy@1.5x.jpg  
  inflating: webase-web/static/image/logo-title.png  
 extracting: webase-web/static/image/logo.jpg  
 extracting: webase-web/static/image/logo@2x.png  
  inflating: webase-web/static/image/s-right-1.png  
 extracting: webase-web/static/image/s-right.png  
 extracting: webase-web/static/image/webase_logo.png  
   creating: webase-web/static/img/
  inflating: webase-web/static/img/banner.a935fac.png  
  inflating: webase-web/static/img/iconfont.1590ca4.svg  
   creating: webase-web/static/js/
  inflating: webase-web/static/js/0.9acc438b9376159bb616.js  
  inflating: webase-web/static/js/1.c3f209aa43bac10208cc.js  
  inflating: webase-web/static/js/10.e68fce4c5de9d97db738.js  
  inflating: webase-web/static/js/11.375a8125b4348b96cd50.js  
  inflating: webase-web/static/js/12.dd257ebe0aef65bb76ea.js  
  inflating: webase-web/static/js/13.0c616f0c4c46dcc0b830.js  
  inflating: webase-web/static/js/14.064585ff991370797b82.js  
  inflating: webase-web/static/js/15.3ed0771964ce3ba5524b.js  
  inflating: webase-web/static/js/16.8d7c2cbf59d7f0687973.js  
  inflating: webase-web/static/js/17.b839d396b709bc89c78a.js  
  inflating: webase-web/static/js/18.81833339c9fee617e8ac.js  
  inflating: webase-web/static/js/19.85c8410151bb494feff8.js  
  inflating: webase-web/static/js/2.85b6a1e743fff6368a6b.js  
  inflating: webase-web/static/js/20.499a43a0b1cd89afd148.js  
  inflating: webase-web/static/js/21.075fb77134da3018121d.js  
  inflating: webase-web/static/js/22.9d67d851e7d364e09168.js  
  inflating: webase-web/static/js/23.71f2f24681968d4721a6.js  
  inflating: webase-web/static/js/24.1a0d19cd5d2f4e451906.js  
  inflating: webase-web/static/js/25.311ae87648350485f00d.js  
  inflating: webase-web/static/js/3.da7f93cc643714fa4c8b.js  
  inflating: webase-web/static/js/5.15a937118129fdf4d10d.js  
  inflating: webase-web/static/js/6.27f84e53d60008ab6cc4.js  
  inflating: webase-web/static/js/7.365a5001aed1de8f8219.js  
  inflating: webase-web/static/js/8.3b4a49720679b70650c7.js  
  inflating: webase-web/static/js/9.9fe40b58f44c308bf3a0.js  
  inflating: webase-web/static/js/runtime.c43861546a156137636b.js  
  inflating: webase-web/static/js/soljson-v0.4.25+commit.59dbf8f1.js  
  inflating: webase-web/static/js/web3.min.js  
[2019-11-08 17:23:50] [INFO]   os.getcwd() is /home/fisco-bcos/webase-deploy
[2019-11-08 17:23:50] [INFO]   os.getcwd() is /home/fisco-bcos/webase-deploy
[2019-11-08 17:23:50] [INFO]  commProperties is /home/fisco-bcos/webase-deploy/common.properties 
[2019-11-08 17:23:50] [INFO]   os.getcwd() is /home/fisco-bcos/webase-deploy
[2019-11-08 17:23:50] [INFO]  commProperties is /home/fisco-bcos/webase-deploy/common.properties 
[2019-11-08 17:23:50] [INFO]  execute cmd  start ,cmd : cp -f /home/fisco-bcos/webase-deploy/comm/nginx.conf /home/fisco-bcos/webase-deploy/comm/temp.conf
[2019-11-08 17:23:50] [INFO]  execute cmd  end ,cmd : cp -f /home/fisco-bcos/webase-deploy/comm/nginx.conf /home/fisco-bcos/webase-deploy/comm/temp.conf,status :0 , output: 
[2019-11-08 17:23:50] [INFO]  execute cmd  start ,cmd : mkdir -p /home/fisco-bcos/webase-deploy/webase-web/log
[2019-11-08 17:23:50] [INFO]  execute cmd  end ,cmd : mkdir -p /home/fisco-bcos/webase-deploy/webase-web/log,status :0 , output: 
[2019-11-08 17:23:50] [INFO]  execute cmd  start ,cmd : sed -i "s/127.0.0.1/127.0.0.1/g" /home/fisco-bcos/webase-deploy/comm/nginx.conf
[2019-11-08 17:23:51] [INFO]  execute cmd  end ,cmd : sed -i "s/127.0.0.1/127.0.0.1/g" /home/fisco-bcos/webase-deploy/comm/nginx.conf,status :0 , output: 
[2019-11-08 17:23:51] [INFO]  execute cmd  start ,cmd : sed -i "s/5000/5000/g" /home/fisco-bcos/webase-deploy/comm/nginx.conf
[2019-11-08 17:23:51] [INFO]  execute cmd  end ,cmd : sed -i "s/5000/5000/g" /home/fisco-bcos/webase-deploy/comm/nginx.conf,status :0 , output: 
[2019-11-08 17:23:51] [INFO]  execute cmd  start ,cmd : sed -i "s/server 127.0.0.1:5001/server 127.0.0.1:5001/g" /home/fisco-bcos/webase-deploy/comm/nginx.conf
[2019-11-08 17:23:51] [INFO]  execute cmd  end ,cmd : sed -i "s/server 127.0.0.1:5001/server 127.0.0.1:5001/g" /home/fisco-bcos/webase-deploy/comm/nginx.conf,status :0 , output: 
[2019-11-08 17:23:51] [INFO]  execute cmd  start ,cmd : sed -i "s:log_path:/home/fisco-bcos/webase-deploy/webase-web/log:g" /home/fisco-bcos/webase-deploy/comm/nginx.conf
[2019-11-08 17:23:51] [INFO]  execute cmd  end ,cmd : sed -i "s:log_path:/home/fisco-bcos/webase-deploy/webase-web/log:g" /home/fisco-bcos/webase-deploy/comm/nginx.conf,status :0 , output: 
[2019-11-08 17:23:51] [INFO]  execute cmd  start ,cmd : sed -i "s:web_page_url:/home/fisco-bcos/webase-deploy/webase-web:g" /home/fisco-bcos/webase-deploy/comm/nginx.conf
[2019-11-08 17:23:51] [INFO]  execute cmd  end ,cmd : sed -i "s:web_page_url:/home/fisco-bcos/webase-deploy/webase-web:g" /home/fisco-bcos/webase-deploy/comm/nginx.conf,status :0 , output: 
[2019-11-08 17:23:51] [INFO]  execute cmd  start ,cmd : mkdir -p /home/fisco-bcos/webase-deploy/webase-web/log
[2019-11-08 17:23:51] [INFO]  execute cmd  end ,cmd : mkdir -p /home/fisco-bcos/webase-deploy/webase-web/log,status :0 , output: 
[2019-11-08 17:23:51] [INFO]  execute cmd  start ,cmd : which nginx
[2019-11-08 17:23:51] [INFO]  execute cmd  end ,cmd : which nginx,status :0 , output: /usr/sbin/nginx
[2019-11-08 17:23:51] [INFO]  execute cmd  start ,cmd : sudo /usr/sbin/nginx -c /home/fisco-bcos/webase-deploy/comm/nginx.conf
[2019-11-08 17:23:51] [INFO]  execute cmd  end ,cmd : sudo /usr/sbin/nginx -c /home/fisco-bcos/webase-deploy/comm/nginx.conf,status :0 , output: 
[2019-11-08 17:23:51] [INFO]   os.getcwd() is /home/fisco-bcos/webase-deploy
[2019-11-08 17:23:51] [INFO]  commProperties is /home/fisco-bcos/webase-deploy/common.properties 
[2019-11-08 17:23:51] [INFO]   os.getcwd() is /home/fisco-bcos/webase-deploy
[2019-11-08 17:24:46] [INFO]   os.getcwd() is /home/fisco-bcos/webase-deploy
[2019-11-08 17:24:46] [INFO]  execute cmd  start ,cmd : unzip -o webase-node-mgr.zip
[2019-11-08 17:24:47] [INFO]  execute cmd  end ,cmd : unzip -o webase-node-mgr.zip,status :0 , output: Archive:  webase-node-mgr.zip
   creating: webase-node-mgr/
   creating: webase-node-mgr/apps/
  inflating: webase-node-mgr/apps/WeBASE-Node-Manager.jar  
   creating: webase-node-mgr/conf/
  inflating: webase-node-mgr/conf/application.yml  
   creating: webase-node-mgr/conf/Arial/
  inflating: webase-node-mgr/conf/Arial/arial.ttf  
  inflating: webase-node-mgr/conf/Arial/arialbd.ttf  
  inflating: webase-node-mgr/conf/Arial/arialbi.ttf  
  inflating: webase-node-mgr/conf/Arial/ariali.ttf  
  inflating: webase-node-mgr/conf/Arial/ARIALN.TTF  
  inflating: webase-node-mgr/conf/Arial/ARIALNB.TTF  
  inflating: webase-node-mgr/conf/Arial/ARIALNBI.TTF  
  inflating: webase-node-mgr/conf/Arial/ARIALNI.TTF  
  inflating: webase-node-mgr/conf/Arial/ariblk.ttf  
   creating: webase-node-mgr/conf/log/
  inflating: webase-node-mgr/conf/log/log4j2-dev.xml  
  inflating: webase-node-mgr/conf/log/log4j2.xml  
   creating: webase-node-mgr/conf/mapper/
  inflating: webase-node-mgr/conf/mapper/AccountMapper.xml  
  inflating: webase-node-mgr/conf/mapper/BlockMapper.xml  
  inflating: webase-node-mgr/conf/mapper/ContractMapper.xml  
  inflating: webase-node-mgr/conf/mapper/FrontGroupMapMapper.xml  
  inflating: webase-node-mgr/conf/mapper/FrontMapper.xml  
  inflating: webase-node-mgr/conf/mapper/GroupMapper.xml  
  inflating: webase-node-mgr/conf/mapper/MethodMapper.xml  
  inflating: webase-node-mgr/conf/mapper/NodeMapper.xml  
  inflating: webase-node-mgr/conf/mapper/RoleMapper.xml  
  inflating: webase-node-mgr/conf/mapper/TableMapper.xml  
  inflating: webase-node-mgr/conf/mapper/TokenMapper.xml  
  inflating: webase-node-mgr/conf/mapper/TransDailyMapper.xml  
  inflating: webase-node-mgr/conf/mapper/TransHashMapper.xml  
  inflating: webase-node-mgr/conf/mapper/UserMapper.xml  
  inflating: webase-node-mgr/conf/mapper/UserTransMonitorMapper.xml  
   creating: webase-node-mgr/lib/
  inflating: webase-node-mgr/lib/activation-1.1.1.jar  
  inflating: webase-node-mgr/lib/asm-analysis-5.0.3.jar  
  inflating: webase-node-mgr/lib/asm-commons-5.0.3.jar  
  inflating: webase-node-mgr/lib/asm-tree-5.0.3.jar  
  inflating: webase-node-mgr/lib/asm-util-5.0.3.jar  
  inflating: webase-node-mgr/lib/bcprov-jdk15on-1.54.jar  
  inflating: webase-node-mgr/lib/byte-buddy-1.9.0.jar  
  inflating: webase-node-mgr/lib/byte-buddy-agent-1.9.0.jar  
  inflating: webase-node-mgr/lib/classmate-1.3.4.jar  
  inflating: webase-node-mgr/lib/commons-codec-1.10.jar  
  inflating: webase-node-mgr/lib/commons-collections4-4.0.jar  
  inflating: webase-node-mgr/lib/commons-configuration-1.10.jar  
  inflating: webase-node-mgr/lib/commons-io-2.4.jar  
  inflating: webase-node-mgr/lib/commons-lang-2.6.jar  
  inflating: webase-node-mgr/lib/commons-lang3-3.8.1.jar  
  inflating: webase-node-mgr/lib/commons-logging-1.2.jar  
  inflating: webase-node-mgr/lib/druid-1.0.29.jar  
  inflating: webase-node-mgr/lib/fastjson-1.2.58.jar  
  inflating: webase-node-mgr/lib/guava-19.0.jar  
  inflating: webase-node-mgr/lib/hamcrest-core-1.3.jar  
  inflating: webase-node-mgr/lib/hibernate-validator-6.0.14.Final.jar  
  inflating: webase-node-mgr/lib/HikariCP-3.2.0.jar  
  inflating: webase-node-mgr/lib/httpclient-4.5.5.jar  
  inflating: webase-node-mgr/lib/httpcore-4.4.9.jar  
  inflating: webase-node-mgr/lib/jackson-annotations-2.9.0.jar  
  inflating: webase-node-mgr/lib/jackson-core-2.9.8.jar  
  inflating: webase-node-mgr/lib/jackson-databind-2.9.8.jar  
  inflating: webase-node-mgr/lib/jackson-datatype-jdk8-2.9.8.jar  
  inflating: webase-node-mgr/lib/jackson-datatype-jsr310-2.9.8.jar  
  inflating: webase-node-mgr/lib/jackson-module-parameter-names-2.9.8.jar  
  inflating: webase-node-mgr/lib/Java-WebSocket-1.3.8.jar  
  inflating: webase-node-mgr/lib/javapoet-1.7.0.jar  
  inflating: webase-node-mgr/lib/jaxb-api-2.3.0.jar  
  inflating: webase-node-mgr/lib/jaxb-core-2.3.0.jar  
  inflating: webase-node-mgr/lib/jaxb-impl-2.3.0.jar  
  inflating: webase-node-mgr/lib/jboss-logging-3.3.2.Final.jar  
  inflating: webase-node-mgr/lib/jffi-1.2.14-native.jar  
  inflating: webase-node-mgr/lib/jffi-1.2.14.jar  
  inflating: webase-node-mgr/lib/jjwt-0.9.1.jar  
  inflating: webase-node-mgr/lib/jnr-constants-0.9.6.jar  
  inflating: webase-node-mgr/lib/jnr-enxio-0.14.jar  
  inflating: webase-node-mgr/lib/jnr-ffi-2.1.2.jar  
  inflating: webase-node-mgr/lib/jnr-posix-3.0.33.jar  
  inflating: webase-node-mgr/lib/jnr-unixsocket-0.15.jar  
  inflating: webase-node-mgr/lib/jnr-x86asm-1.0.2.jar  
  inflating: webase-node-mgr/lib/jul-to-slf4j-1.7.25.jar  
  inflating: webase-node-mgr/lib/junit-4.12.jar  
  inflating: webase-node-mgr/lib/log4j-api-2.11.1.jar  
  inflating: webase-node-mgr/lib/log4j-core-2.11.1.jar  
  inflating: webase-node-mgr/lib/log4j-jul-2.11.1.jar  
  inflating: webase-node-mgr/lib/log4j-slf4j-impl-2.11.1.jar  
  inflating: webase-node-mgr/lib/mockito-core-2.23.0.jar  
  inflating: webase-node-mgr/lib/mybatis-3.5.0.jar  
  inflating: webase-node-mgr/lib/mybatis-spring-2.0.0.jar  
  inflating: webase-node-mgr/lib/mybatis-spring-boot-autoconfigure-2.0.0.jar  
  inflating: webase-node-mgr/lib/mybatis-spring-boot-starter-2.0.0.jar  
  inflating: webase-node-mgr/lib/mysql-connector-java-8.0.13.jar  
  inflating: webase-node-mgr/lib/netty-all-4.1.32.Final.jar  
  inflating: webase-node-mgr/lib/netty-tcnative-2.0.20.Final.jar  
  inflating: webase-node-mgr/lib/netty-tcnative-boringssl-static-2.0.20.Final.jar  
  inflating: webase-node-mgr/lib/objenesis-2.6.jar  
  inflating: webase-node-mgr/lib/picocli-3.6.0.jar  
  inflating: webase-node-mgr/lib/reactive-streams-1.0.2.jar  
  inflating: webase-node-mgr/lib/rxjava-1.2.4.jar  
  inflating: webase-node-mgr/lib/rxjava-2.2.2.jar  
  inflating: webase-node-mgr/lib/scrypt-1.4.0.jar  
  inflating: webase-node-mgr/lib/slf4j-api-1.7.25.jar  
  inflating: webase-node-mgr/lib/snakeyaml-1.23.jar  
  inflating: webase-node-mgr/lib/solcJ-all-0.4.25.jar  
  inflating: webase-node-mgr/lib/spring-aop-5.1.4.RELEASE.jar  
  inflating: webase-node-mgr/lib/spring-beans-5.1.4.RELEASE.jar  
  inflating: webase-node-mgr/lib/spring-boot-2.1.2.RELEASE.jar  
  inflating: webase-node-mgr/lib/spring-boot-autoconfigure-2.1.2.RELEASE.jar  
  inflating: webase-node-mgr/lib/spring-boot-starter-2.1.2.RELEASE.jar  
  inflating: webase-node-mgr/lib/spring-boot-starter-jdbc-2.0.8.RELEASE.jar  
  inflating: webase-node-mgr/lib/spring-boot-starter-json-2.1.2.RELEASE.jar  
  inflating: webase-node-mgr/lib/spring-boot-starter-log4j2-2.1.2.RELEASE.jar  
  inflating: webase-node-mgr/lib/spring-boot-starter-security-2.1.2.RELEASE.jar  
  inflating: webase-node-mgr/lib/spring-boot-starter-tomcat-2.1.2.RELEASE.jar  
  inflating: webase-node-mgr/lib/spring-boot-starter-web-2.1.2.RELEASE.jar  
  inflating: webase-node-mgr/lib/spring-context-5.1.4.RELEASE.jar  
  inflating: webase-node-mgr/lib/spring-core-5.1.4.RELEASE.jar  
  inflating: webase-node-mgr/lib/spring-expression-5.1.4.RELEASE.jar  
  inflating: webase-node-mgr/lib/spring-jcl-5.1.4.RELEASE.jar  
  inflating: webase-node-mgr/lib/spring-jdbc-5.0.12.RELEASE.jar  
  inflating: webase-node-mgr/lib/spring-security-config-5.1.3.RELEASE.jar  
  inflating: webase-node-mgr/lib/spring-security-core-5.1.3.RELEASE.jar  
  inflating: webase-node-mgr/lib/spring-security-web-5.1.3.RELEASE.jar  
  inflating: webase-node-mgr/lib/spring-tx-5.0.12.RELEASE.jar  
  inflating: webase-node-mgr/lib/spring-web-5.1.4.RELEASE.jar  
  inflating: webase-node-mgr/lib/spring-webmvc-5.1.4.RELEASE.jar  
  inflating: webase-node-mgr/lib/system-rules-1.18.0.jar  
  inflating: webase-node-mgr/lib/tomcat-annotations-api-9.0.14.jar  
  inflating: webase-node-mgr/lib/tomcat-embed-core-9.0.14.jar  
  inflating: webase-node-mgr/lib/tomcat-embed-el-9.0.14.jar  
  inflating: webase-node-mgr/lib/tomcat-embed-websocket-9.0.14.jar  
  inflating: webase-node-mgr/lib/validation-api-2.0.1.Final.jar  
  inflating: webase-node-mgr/lib/web3sdk-2.0.4.jar  
  inflating: webase-node-mgr/lib/zkclient-0.1.jar  
  inflating: webase-node-mgr/lib/zookeeper-3.3.3.jar  
   creating: webase-node-mgr/script/
  inflating: webase-node-mgr/script/webase-ddl.sql  
  inflating: webase-node-mgr/script/webase-dml.sql  
  inflating: webase-node-mgr/script/webase-sql.list  
  inflating: webase-node-mgr/script/webase.sh  
  inflating: webase-node-mgr/start.sh  
  inflating: webase-node-mgr/status.sh  
  inflating: webase-node-mgr/stop.sh  
[2019-11-08 17:24:47] [INFO]   os.getcwd() is /home/fisco-bcos/webase-deploy
[2019-11-08 17:24:47] [INFO]   os.getcwd() is /home/fisco-bcos/webase-deploy
[2019-11-08 17:24:47] [INFO]  commProperties is /home/fisco-bcos/webase-deploy/common.properties 
[2019-11-08 17:24:47] [INFO]   os.getcwd() is /home/fisco-bcos/webase-deploy
[2019-11-08 17:24:47] [INFO]  commProperties is /home/fisco-bcos/webase-deploy/common.properties 
[2019-11-08 17:24:47] [INFO]   os.getcwd() is /home/fisco-bcos/webase-deploy
[2019-11-08 17:24:47] [INFO]  commProperties is /home/fisco-bcos/webase-deploy/common.properties 
[2019-11-08 17:24:47] [INFO]   os.getcwd() is /home/fisco-bcos/webase-deploy
[2019-11-08 17:24:47] [INFO]  commProperties is /home/fisco-bcos/webase-deploy/common.properties 
[2019-11-08 17:24:47] [INFO]   os.getcwd() is /home/fisco-bcos/webase-deploy
[2019-11-08 17:24:47] [INFO]  commProperties is /home/fisco-bcos/webase-deploy/common.properties 
[2019-11-08 17:24:47] [INFO]   os.getcwd() is /home/fisco-bcos/webase-deploy
[2019-11-08 17:24:47] [INFO]  commProperties is /home/fisco-bcos/webase-deploy/common.properties 
[2019-11-08 17:24:47] [INFO]  execute cmd  start ,cmd : cp -f /home/fisco-bcos/webase-deploy/webase-node-mgr/script/webase.sh /home/fisco-bcos/webase-deploy/webase-node-mgr/script/temp.sh
[2019-11-08 17:24:47] [INFO]  execute cmd  end ,cmd : cp -f /home/fisco-bcos/webase-deploy/webase-node-mgr/script/webase.sh /home/fisco-bcos/webase-deploy/webase-node-mgr/script/temp.sh,status :0 , output: 
[2019-11-08 17:24:47] [INFO]  execute cmd  start ,cmd : cp -f /home/fisco-bcos/webase-deploy/webase-node-mgr/conf/application.yml /home/fisco-bcos/webase-deploy/webase-node-mgr/conf/temp.yml
[2019-11-08 17:24:47] [INFO]  execute cmd  end ,cmd : cp -f /home/fisco-bcos/webase-deploy/webase-node-mgr/conf/application.yml /home/fisco-bcos/webase-deploy/webase-node-mgr/conf/temp.yml,status :0 , output: 
[2019-11-08 17:24:47] [INFO]  execute cmd  start ,cmd : sed -i "s/defaultAccount/dbUsername/g" /home/fisco-bcos/webase-deploy/webase-node-mgr/script/webase.sh
[2019-11-08 17:24:47] [INFO]  execute cmd  end ,cmd : sed -i "s/defaultAccount/dbUsername/g" /home/fisco-bcos/webase-deploy/webase-node-mgr/script/webase.sh,status :0 , output: 
[2019-11-08 17:24:47] [INFO]  execute cmd  start ,cmd : sed -i "s/defaultPassword/dbPassword/g" /home/fisco-bcos/webase-deploy/webase-node-mgr/script/webase.sh
[2019-11-08 17:24:47] [INFO]  execute cmd  end ,cmd : sed -i "s/defaultPassword/dbPassword/g" /home/fisco-bcos/webase-deploy/webase-node-mgr/script/webase.sh,status :0 , output: 
[2019-11-08 17:24:47] [INFO]  execute cmd  start ,cmd : sed -i "s/webasenodemanager/webasenodemanager/g" /home/fisco-bcos/webase-deploy/webase-node-mgr/script/webase.sh
[2019-11-08 17:24:47] [INFO]  execute cmd  end ,cmd : sed -i "s/webasenodemanager/webasenodemanager/g" /home/fisco-bcos/webase-deploy/webase-node-mgr/script/webase.sh,status :0 , output: 
[2019-11-08 17:24:47] [INFO]  execute cmd  start ,cmd : sed -i "s/5001/5001/g" /home/fisco-bcos/webase-deploy/webase-node-mgr/conf/application.yml
[2019-11-08 17:24:47] [INFO]  execute cmd  end ,cmd : sed -i "s/5001/5001/g" /home/fisco-bcos/webase-deploy/webase-node-mgr/conf/application.yml,status :0 , output: 
[2019-11-08 17:24:47] [INFO]  execute cmd  start ,cmd : sed -i "s/127.0.0.1/localhost/g" /home/fisco-bcos/webase-deploy/webase-node-mgr/conf/application.yml
[2019-11-08 17:24:47] [INFO]  execute cmd  end ,cmd : sed -i "s/127.0.0.1/localhost/g" /home/fisco-bcos/webase-deploy/webase-node-mgr/conf/application.yml,status :0 , output: 
[2019-11-08 17:24:47] [INFO]  execute cmd  start ,cmd : sed -i "s/3306/3306/g" /home/fisco-bcos/webase-deploy/webase-node-mgr/conf/application.yml
[2019-11-08 17:24:47] [INFO]  execute cmd  end ,cmd : sed -i "s/3306/3306/g" /home/fisco-bcos/webase-deploy/webase-node-mgr/conf/application.yml,status :0 , output: 
[2019-11-08 17:24:47] [INFO]  execute cmd  start ,cmd : sed -i "s/defaultAccount/dbUsername/g" /home/fisco-bcos/webase-deploy/webase-node-mgr/conf/application.yml
[2019-11-08 17:24:47] [INFO]  execute cmd  end ,cmd : sed -i "s/defaultAccount/dbUsername/g" /home/fisco-bcos/webase-deploy/webase-node-mgr/conf/application.yml,status :0 , output: 
[2019-11-08 17:24:47] [INFO]  execute cmd  start ,cmd : sed -i "s/defaultPassword/dbPassword/g" /home/fisco-bcos/webase-deploy/webase-node-mgr/conf/application.yml
[2019-11-08 17:24:47] [INFO]  execute cmd  end ,cmd : sed -i "s/defaultPassword/dbPassword/g" /home/fisco-bcos/webase-deploy/webase-node-mgr/conf/application.yml,status :0 , output: 
[2019-11-08 17:24:47] [INFO]  execute cmd  start ,cmd : sed -i "s/webasenodemanager/webasenodemanager/g" /home/fisco-bcos/webase-deploy/webase-node-mgr/conf/application.yml
[2019-11-08 17:24:47] [INFO]  execute cmd  end ,cmd : sed -i "s/webasenodemanager/webasenodemanager/g" /home/fisco-bcos/webase-deploy/webase-node-mgr/conf/application.yml,status :0 , output: 
[2019-11-08 17:24:47] [INFO]   os.getcwd() is /home/fisco-bcos/webase-deploy
[2019-11-08 17:24:47] [INFO]  commProperties is /home/fisco-bcos/webase-deploy/common.properties 
[2019-11-08 17:24:47] [INFO]   os.getcwd() is /home/fisco-bcos/webase-deploy
[2019-11-08 17:24:47] [INFO]  commProperties is /home/fisco-bcos/webase-deploy/common.properties 
[2019-11-08 17:24:47] [INFO]   os.getcwd() is /home/fisco-bcos/webase-deploy
[2019-11-08 17:24:47] [INFO]  commProperties is /home/fisco-bcos/webase-deploy/common.properties 
[2019-11-08 17:24:47] [INFO]   os.getcwd() is /home/fisco-bcos/webase-deploy
[2019-11-08 17:24:47] [INFO]  commProperties is /home/fisco-bcos/webase-deploy/common.properties 
[2019-11-08 17:24:47] [INFO]   os.getcwd() is /home/fisco-bcos/webase-deploy
[2019-11-08 17:24:47] [INFO]  commProperties is /home/fisco-bcos/webase-deploy/common.properties 
[2019-11-08 17:24:47] [INFO]  mysql except Traceback (most recent call last):
  File "/home/fisco-bcos/webase-deploy/comm/mysql.py", line 21, in dbConnect
    conn = mdb.connect(host=mysql_ip, port=mysql_port, user=mysql_user, passwd=mysql_password, charset='utf8')
  File "/usr/local/lib/python3.6/dist-packages/pymysql/__init__.py", line 94, in Connect
    return Connection(*args, **kwargs)
  File "/usr/local/lib/python3.6/dist-packages/pymysql/connections.py", line 325, in __init__
    self.connect()
  File "/usr/local/lib/python3.6/dist-packages/pymysql/connections.py", line 599, in connect
    self._request_authentication()
  File "/usr/local/lib/python3.6/dist-packages/pymysql/connections.py", line 861, in _request_authentication
    auth_packet = self._read_packet()
  File "/usr/local/lib/python3.6/dist-packages/pymysql/connections.py", line 684, in _read_packet
    packet.check_error()
  File "/usr/local/lib/python3.6/dist-packages/pymysql/protocol.py", line 220, in check_error
    err.raise_mysql_exception(self._data)
  File "/usr/local/lib/python3.6/dist-packages/pymysql/err.py", line 109, in raise_mysql_exception
    raise errorclass(errno, errval)
pymysql.err.InternalError: (1698, "Access denied for user 'dbUsername'@'localhost'")

[2019-11-08 17:31:10] [INFO]   os.getcwd() is /home/fisco-bcos/webase-deploy
[2019-11-08 17:31:10] [INFO]   os.getcwd() is /home/fisco-bcos/webase-deploy
[2019-11-08 17:31:10] [INFO]  execute cmd  start ,cmd : which git
[2019-11-08 17:31:10] [INFO]  execute cmd  end ,cmd : which git,status :0 , output: /usr/bin/git
[2019-11-08 17:31:10] [INFO]  execute cmd  start ,cmd : which openssl
[2019-11-08 17:31:10] [INFO]  execute cmd  end ,cmd : which openssl,status :0 , output: /usr/bin/openssl
[2019-11-08 17:31:10] [INFO]  execute cmd  start ,cmd : which curl
[2019-11-08 17:31:10] [INFO]  execute cmd  end ,cmd : which curl,status :0 , output: /usr/bin/curl
[2019-11-08 17:31:10] [INFO]  execute cmd  start ,cmd : which nginx
[2019-11-08 17:31:10] [INFO]  execute cmd  end ,cmd : which nginx,status :0 , output: /usr/sbin/nginx
[2019-11-08 17:31:10] [INFO]  execute cmd  start ,cmd : java -version
[2019-11-08 17:31:10] [INFO]  execute cmd  end ,cmd : java -version,status :0 , output: openjdk version "1.8.0_222"
OpenJDK Runtime Environment (build 1.8.0_222-8u222-b10-1ubuntu1~18.04.1-b10)
OpenJDK 64-Bit Server VM (build 25.222-b10, mixed mode)
[2019-11-08 17:31:10] [INFO]  execute cmd  start ,cmd : echo $JAVA_HOME
[2019-11-08 17:31:10] [INFO]  execute cmd  end ,cmd : echo $JAVA_HOME,status :0 , output: /usr/java/jdk1.8.0_231
[2019-11-08 17:31:10] [INFO]   os.getcwd() is /home/fisco-bcos/webase-deploy
[2019-11-08 17:31:10] [INFO]  commProperties is /home/fisco-bcos/webase-deploy/common.properties 
[2019-11-08 17:31:10] [INFO]   os.getcwd() is /home/fisco-bcos/webase-deploy
[2019-11-08 17:31:10] [INFO]  commProperties is /home/fisco-bcos/webase-deploy/common.properties 
[2019-11-08 17:31:10] [INFO]   os.getcwd() is /home/fisco-bcos/webase-deploy
[2019-11-08 17:31:10] [INFO]  commProperties is /home/fisco-bcos/webase-deploy/common.properties 
[2019-11-08 17:31:10] [INFO]   os.getcwd() is /home/fisco-bcos/webase-deploy
[2019-11-08 17:31:10] [INFO]  commProperties is /home/fisco-bcos/webase-deploy/common.properties 
[2019-11-08 17:31:10] [INFO]   os.getcwd() is /home/fisco-bcos/webase-deploy
[2019-11-08 17:31:10] [INFO]  commProperties is /home/fisco-bcos/webase-deploy/common.properties 
[2019-11-08 17:31:10] [INFO]   os.getcwd() is /home/fisco-bcos/webase-deploy
[2019-11-08 17:31:10] [INFO]  commProperties is /home/fisco-bcos/webase-deploy/common.properties 
[2019-11-08 17:31:38] [INFO]   os.getcwd() is /home/fisco-bcos/webase-deploy
[2019-11-08 17:31:38] [INFO]   os.getcwd() is /home/fisco-bcos/webase-deploy
[2019-11-08 17:31:38] [INFO]   os.getcwd() is /home/fisco-bcos/webase-deploy
[2019-11-08 17:31:38] [INFO]  commProperties is /home/fisco-bcos/webase-deploy/common.properties 
[2019-11-08 17:31:38] [INFO]   os.getcwd() is /home/fisco-bcos/webase-deploy
[2019-11-08 17:31:38] [INFO]  commProperties is /home/fisco-bcos/webase-deploy/common.properties 
[2019-11-08 17:31:38] [INFO]  execute cmd  start ,cmd : chmod u+x *.sh
[2019-11-08 17:31:38] [INFO]  execute cmd  end ,cmd : chmod u+x *.sh,status :0 , output: 
[2019-11-08 17:31:38] [INFO]  execute cmd  start ,cmd : dos2unix *.sh
[2019-11-08 17:31:38] [INFO]  execute cmd  end ,cmd : dos2unix *.sh,status :127 , output: /bin/sh: 1: dos2unix: not found
[2019-11-08 17:31:39] [INFO]  execute cmd  start ,cmd : sudo rm -rf /run/nginx-webase-web.pid
[2019-11-08 17:31:39] [INFO]  execute cmd  end ,cmd : sudo rm -rf /run/nginx-webase-web.pid,status :0 , output: 
[2019-11-08 17:31:39] [INFO]  execute cmd  start ,cmd : source /etc/profile
[2019-11-08 17:31:39] [INFO]  execute cmd  end ,cmd : source /etc/profile,status :127 , output: /bin/sh: 1: source: not found
[2019-11-08 17:31:39] [INFO]  execute cmd  start ,cmd : chmod u+x *.sh
[2019-11-08 17:31:39] [INFO]  execute cmd  end ,cmd : chmod u+x *.sh,status :0 , output: 
[2019-11-08 17:31:39] [INFO]  execute cmd  start ,cmd : dos2unix *.sh
[2019-11-08 17:31:39] [INFO]  execute cmd  end ,cmd : dos2unix *.sh,status :127 , output: /bin/sh: 1: dos2unix: not found
[2019-11-08 17:31:39] [INFO]  execute cmd  start ,cmd : bash stop.sh
[2019-11-08 17:31:39] [INFO]  execute cmd  end ,cmd : bash stop.sh,status :0 , output: ===============================================================================================
Server com.webank.webase.node.mgr.Application Port 5001 is not running
===============================================================================================
[2019-11-08 17:31:44] [INFO]   os.getcwd() is /home/fisco-bcos/webase-deploy
[2019-11-08 17:31:44] [INFO]   os.getcwd() is /home/fisco-bcos/webase-deploy
[2019-11-08 17:31:44] [INFO]  execute cmd  start ,cmd : which git
[2019-11-08 17:31:44] [INFO]  execute cmd  end ,cmd : which git,status :0 , output: /usr/bin/git
[2019-11-08 17:31:44] [INFO]  execute cmd  start ,cmd : which openssl
[2019-11-08 17:31:44] [INFO]  execute cmd  end ,cmd : which openssl,status :0 , output: /usr/bin/openssl
[2019-11-08 17:31:44] [INFO]  execute cmd  start ,cmd : which curl
[2019-11-08 17:31:44] [INFO]  execute cmd  end ,cmd : which curl,status :0 , output: /usr/bin/curl
[2019-11-08 17:31:44] [INFO]  execute cmd  start ,cmd : which nginx
[2019-11-08 17:31:44] [INFO]  execute cmd  end ,cmd : which nginx,status :0 , output: /usr/sbin/nginx
[2019-11-08 17:31:44] [INFO]  execute cmd  start ,cmd : java -version
[2019-11-08 17:31:44] [INFO]  execute cmd  end ,cmd : java -version,status :0 , output: openjdk version "1.8.0_222"
OpenJDK Runtime Environment (build 1.8.0_222-8u222-b10-1ubuntu1~18.04.1-b10)
OpenJDK 64-Bit Server VM (build 25.222-b10, mixed mode)
[2019-11-08 17:31:44] [INFO]  execute cmd  start ,cmd : echo $JAVA_HOME
[2019-11-08 17:31:44] [INFO]  execute cmd  end ,cmd : echo $JAVA_HOME,status :0 , output: /usr/java/jdk1.8.0_231
[2019-11-08 17:31:44] [INFO]   os.getcwd() is /home/fisco-bcos/webase-deploy
[2019-11-08 17:31:44] [INFO]  commProperties is /home/fisco-bcos/webase-deploy/common.properties 
[2019-11-08 17:31:44] [INFO]   os.getcwd() is /home/fisco-bcos/webase-deploy
[2019-11-08 17:31:44] [INFO]  commProperties is /home/fisco-bcos/webase-deploy/common.properties 
[2019-11-08 17:31:44] [INFO]   os.getcwd() is /home/fisco-bcos/webase-deploy
[2019-11-08 17:31:44] [INFO]  commProperties is /home/fisco-bcos/webase-deploy/common.properties 
[2019-11-08 17:31:44] [INFO]   os.getcwd() is /home/fisco-bcos/webase-deploy
[2019-11-08 17:31:44] [INFO]  commProperties is /home/fisco-bcos/webase-deploy/common.properties 
[2019-11-08 17:31:44] [INFO]   os.getcwd() is /home/fisco-bcos/webase-deploy
[2019-11-08 17:31:44] [INFO]  commProperties is /home/fisco-bcos/webase-deploy/common.properties 
[2019-11-08 17:31:44] [INFO]   os.getcwd() is /home/fisco-bcos/webase-deploy
[2019-11-08 17:31:44] [INFO]  commProperties is /home/fisco-bcos/webase-deploy/common.properties 
[2019-11-08 17:31:44] [INFO]   os.getcwd() is /home/fisco-bcos/webase-deploy
[2019-11-08 17:31:44] [INFO]  commProperties is /home/fisco-bcos/webase-deploy/common.properties 
[2019-11-08 17:31:44] [INFO]   os.getcwd() is /home/fisco-bcos/webase-deploy
[2019-11-08 17:31:44] [INFO]  commProperties is /home/fisco-bcos/webase-deploy/common.properties 
[2019-11-08 17:31:44] [INFO]   os.getcwd() is /home/fisco-bcos/webase-deploy
[2019-11-08 17:31:44] [INFO]  commProperties is /home/fisco-bcos/webase-deploy/common.properties 
[2019-11-08 17:31:44] [INFO]   os.getcwd() is /home/fisco-bcos/webase-deploy
[2019-11-08 17:31:44] [INFO]  commProperties is /home/fisco-bcos/webase-deploy/common.properties 
[2019-11-08 17:31:44] [INFO]   os.getcwd() is /home/fisco-bcos/webase-deploy
[2019-11-08 17:31:44] [INFO]  commProperties is /home/fisco-bcos/webase-deploy/common.properties 
[2019-11-08 17:32:32] [INFO]   os.getcwd() is /home/fisco-bcos/webase-deploy
[2019-11-08 17:32:32] [INFO]   os.getcwd() is /home/fisco-bcos/webase-deploy
[2019-11-08 17:32:32] [INFO]   os.getcwd() is /home/fisco-bcos/webase-deploy
[2019-11-08 17:32:32] [INFO]  commProperties is /home/fisco-bcos/webase-deploy/common.properties 
[2019-11-08 17:41:50] [INFO]   os.getcwd() is /home/fisco-bcos/webase-deploy
[2019-11-08 17:41:50] [INFO]   os.getcwd() is /home/fisco-bcos/webase-deploy
[2019-11-08 17:41:50] [INFO]  execute cmd  start ,cmd : which git
[2019-11-08 17:41:50] [INFO]  execute cmd  end ,cmd : which git,status :0 , output: /usr/bin/git
[2019-11-08 17:41:50] [INFO]  execute cmd  start ,cmd : which openssl
[2019-11-08 17:41:50] [INFO]  execute cmd  end ,cmd : which openssl,status :0 , output: /usr/bin/openssl
[2019-11-08 17:41:50] [INFO]  execute cmd  start ,cmd : which curl
[2019-11-08 17:41:50] [INFO]  execute cmd  end ,cmd : which curl,status :0 , output: /usr/bin/curl
[2019-11-08 17:41:50] [INFO]  execute cmd  start ,cmd : which nginx
[2019-11-08 17:41:50] [INFO]  execute cmd  end ,cmd : which nginx,status :0 , output: /usr/sbin/nginx
[2019-11-08 17:41:50] [INFO]  execute cmd  start ,cmd : java -version
[2019-11-08 17:41:50] [INFO]  execute cmd  end ,cmd : java -version,status :0 , output: openjdk version "1.8.0_222"
OpenJDK Runtime Environment (build 1.8.0_222-8u222-b10-1ubuntu1~18.04.1-b10)
OpenJDK 64-Bit Server VM (build 25.222-b10, mixed mode)
[2019-11-08 17:41:50] [INFO]  execute cmd  start ,cmd : echo $JAVA_HOME
[2019-11-08 17:41:50] [INFO]  execute cmd  end ,cmd : echo $JAVA_HOME,status :0 , output: /usr/java/jdk1.8.0_231
[2019-11-08 17:41:50] [INFO]   os.getcwd() is /home/fisco-bcos/webase-deploy
[2019-11-08 17:41:50] [INFO]  commProperties is /home/fisco-bcos/webase-deploy/common.properties 
[2019-11-08 17:41:50] [INFO]   os.getcwd() is /home/fisco-bcos/webase-deploy
[2019-11-08 17:41:50] [INFO]  commProperties is /home/fisco-bcos/webase-deploy/common.properties 
[2019-11-08 17:41:50] [INFO]   os.getcwd() is /home/fisco-bcos/webase-deploy
[2019-11-08 17:41:50] [INFO]  commProperties is /home/fisco-bcos/webase-deploy/common.properties 
[2019-11-08 17:41:50] [INFO]   os.getcwd() is /home/fisco-bcos/webase-deploy
[2019-11-08 17:41:50] [INFO]  commProperties is /home/fisco-bcos/webase-deploy/common.properties 
[2019-11-08 17:41:50] [INFO]   os.getcwd() is /home/fisco-bcos/webase-deploy
[2019-11-08 17:41:50] [INFO]  commProperties is /home/fisco-bcos/webase-deploy/common.properties 
[2019-11-08 17:41:50] [INFO]   os.getcwd() is /home/fisco-bcos/webase-deploy
[2019-11-08 17:41:50] [INFO]  commProperties is /home/fisco-bcos/webase-deploy/common.properties 
[2019-11-08 17:41:50] [INFO]   os.getcwd() is /home/fisco-bcos/webase-deploy
[2019-11-08 17:41:50] [INFO]  commProperties is /home/fisco-bcos/webase-deploy/common.properties 
[2019-11-08 17:41:50] [INFO]   os.getcwd() is /home/fisco-bcos/webase-deploy
[2019-11-08 17:41:50] [INFO]  commProperties is /home/fisco-bcos/webase-deploy/common.properties 
[2019-11-08 17:41:50] [INFO]   os.getcwd() is /home/fisco-bcos/webase-deploy
[2019-11-08 17:41:50] [INFO]  commProperties is /home/fisco-bcos/webase-deploy/common.properties 
[2019-11-08 17:41:50] [INFO]   os.getcwd() is /home/fisco-bcos/webase-deploy
[2019-11-08 17:41:50] [INFO]  commProperties is /home/fisco-bcos/webase-deploy/common.properties 
[2019-11-08 17:41:50] [INFO]   os.getcwd() is /home/fisco-bcos/webase-deploy
[2019-11-08 17:41:50] [INFO]  commProperties is /home/fisco-bcos/webase-deploy/common.properties 
[2019-11-08 17:41:50] [INFO]   os.getcwd() is /home/fisco-bcos/webase-deploy
[2019-11-08 17:41:50] [INFO]  commProperties is /home/fisco-bcos/webase-deploy/common.properties 
[2019-11-08 17:41:50] [INFO]   os.getcwd() is /home/fisco-bcos/webase-deploy
[2019-11-08 17:41:50] [INFO]  commProperties is /home/fisco-bcos/webase-deploy/common.properties 
[2019-11-08 17:41:50] [INFO]   os.getcwd() is /home/fisco-bcos/webase-deploy
[2019-11-08 17:41:50] [INFO]  commProperties is /home/fisco-bcos/webase-deploy/common.properties 
[2019-11-08 17:41:50] [INFO]   os.getcwd() is /home/fisco-bcos/webase-deploy
[2019-11-08 17:41:50] [INFO]  commProperties is /home/fisco-bcos/webase-deploy/common.properties 
[2019-11-08 17:41:50] [INFO]   os.getcwd() is /home/fisco-bcos/webase-deploy
[2019-11-08 17:41:50] [INFO]  commProperties is /home/fisco-bcos/webase-deploy/common.properties 
[2019-11-08 17:41:50] [INFO]   os.getcwd() is /home/fisco-bcos/webase-deploy
[2019-11-08 17:41:50] [INFO]  commProperties is /home/fisco-bcos/webase-deploy/common.properties 
[2019-11-08 17:41:50] [INFO]  execute cmd  start ,cmd : cp -f nodetemp nodeconf
[2019-11-08 17:41:50] [INFO]  execute cmd  end ,cmd : cp -f nodetemp nodeconf,status :0 , output: 
[2019-11-08 17:41:50] [INFO]  execute cmd  start ,cmd : sed -i "s/nodeCounts/2/g" nodeconf
[2019-11-08 17:41:50] [INFO]  execute cmd  end ,cmd : sed -i "s/nodeCounts/2/g" nodeconf,status :0 , output: 
[2019-11-08 17:41:54] [INFO]   os.getcwd() is /home/fisco-bcos/webase-deploy
[2019-11-08 17:41:54] [INFO]  commProperties is /home/fisco-bcos/webase-deploy/common.properties 
[2019-11-08 17:41:54] [INFO]   os.getcwd() is /home/fisco-bcos/webase-deploy
[2019-11-08 17:41:54] [INFO]  commProperties is /home/fisco-bcos/webase-deploy/common.properties 
[2019-11-08 17:41:54] [INFO]  execute cmd  start ,cmd : chmod u+x *.sh
[2019-11-08 17:41:54] [INFO]  execute cmd  end ,cmd : chmod u+x *.sh,status :0 , output: 
[2019-11-08 17:41:54] [INFO]  execute cmd  start ,cmd : dos2unix *.sh
[2019-11-08 17:41:54] [INFO]  execute cmd  end ,cmd : dos2unix *.sh,status :127 , output: /bin/sh: 1: dos2unix: not found
[2019-11-08 17:41:55] [INFO]   os.getcwd() is /home/fisco-bcos/webase-deploy
[2019-11-08 17:41:55] [INFO]  commProperties is /home/fisco-bcos/webase-deploy/common.properties 
[2019-11-08 17:41:55] [INFO]   os.getcwd() is /home/fisco-bcos/webase-deploy
[2019-11-08 17:41:58] [INFO]   os.getcwd() is /home/fisco-bcos/webase-deploy
[2019-11-08 17:42:00] [INFO]   os.getcwd() is /home/fisco-bcos/webase-deploy
[2019-11-08 17:42:00] [INFO]  commProperties is /home/fisco-bcos/webase-deploy/common.properties 
[2019-11-08 17:42:00] [INFO]   os.getcwd() is /home/fisco-bcos/webase-deploy
[2019-11-08 17:42:00] [INFO]  commProperties is /home/fisco-bcos/webase-deploy/common.properties 
[2019-11-08 17:42:00] [INFO]  execute cmd  start ,cmd : cp -f /home/fisco-bcos/webase-deploy/comm/temp.conf /home/fisco-bcos/webase-deploy/comm/nginx.conf
[2019-11-08 17:42:00] [INFO]  execute cmd  end ,cmd : cp -f /home/fisco-bcos/webase-deploy/comm/temp.conf /home/fisco-bcos/webase-deploy/comm/nginx.conf,status :0 , output: 
[2019-11-08 17:42:00] [INFO]  execute cmd  start ,cmd : mkdir -p /home/fisco-bcos/webase-deploy/webase-web/log
[2019-11-08 17:42:00] [INFO]  execute cmd  end ,cmd : mkdir -p /home/fisco-bcos/webase-deploy/webase-web/log,status :0 , output: 
[2019-11-08 17:42:00] [INFO]  execute cmd  start ,cmd : sed -i "s/127.0.0.1/127.0.0.1/g" /home/fisco-bcos/webase-deploy/comm/nginx.conf
[2019-11-08 17:42:00] [INFO]  execute cmd  end ,cmd : sed -i "s/127.0.0.1/127.0.0.1/g" /home/fisco-bcos/webase-deploy/comm/nginx.conf,status :0 , output: 
[2019-11-08 17:42:00] [INFO]  execute cmd  start ,cmd : sed -i "s/5000/5000/g" /home/fisco-bcos/webase-deploy/comm/nginx.conf
[2019-11-08 17:42:00] [INFO]  execute cmd  end ,cmd : sed -i "s/5000/5000/g" /home/fisco-bcos/webase-deploy/comm/nginx.conf,status :0 , output: 
[2019-11-08 17:42:00] [INFO]  execute cmd  start ,cmd : sed -i "s/server 127.0.0.1:5001/server 127.0.0.1:5001/g" /home/fisco-bcos/webase-deploy/comm/nginx.conf
[2019-11-08 17:42:00] [INFO]  execute cmd  end ,cmd : sed -i "s/server 127.0.0.1:5001/server 127.0.0.1:5001/g" /home/fisco-bcos/webase-deploy/comm/nginx.conf,status :0 , output: 
[2019-11-08 17:42:00] [INFO]  execute cmd  start ,cmd : sed -i "s:log_path:/home/fisco-bcos/webase-deploy/webase-web/log:g" /home/fisco-bcos/webase-deploy/comm/nginx.conf
[2019-11-08 17:42:00] [INFO]  execute cmd  end ,cmd : sed -i "s:log_path:/home/fisco-bcos/webase-deploy/webase-web/log:g" /home/fisco-bcos/webase-deploy/comm/nginx.conf,status :0 , output: 
[2019-11-08 17:42:00] [INFO]  execute cmd  start ,cmd : sed -i "s:web_page_url:/home/fisco-bcos/webase-deploy/webase-web:g" /home/fisco-bcos/webase-deploy/comm/nginx.conf
[2019-11-08 17:42:00] [INFO]  execute cmd  end ,cmd : sed -i "s:web_page_url:/home/fisco-bcos/webase-deploy/webase-web:g" /home/fisco-bcos/webase-deploy/comm/nginx.conf,status :0 , output: 
[2019-11-08 17:42:00] [INFO]  execute cmd  start ,cmd : mkdir -p /home/fisco-bcos/webase-deploy/webase-web/log
[2019-11-08 17:42:00] [INFO]  execute cmd  end ,cmd : mkdir -p /home/fisco-bcos/webase-deploy/webase-web/log,status :0 , output: 
[2019-11-08 17:42:00] [INFO]  execute cmd  start ,cmd : which nginx
[2019-11-08 17:42:00] [INFO]  execute cmd  end ,cmd : which nginx,status :0 , output: /usr/sbin/nginx
[2019-11-08 17:42:00] [INFO]  execute cmd  start ,cmd : sudo /usr/sbin/nginx -c /home/fisco-bcos/webase-deploy/comm/nginx.conf
[2019-11-08 17:42:00] [INFO]  execute cmd  end ,cmd : sudo /usr/sbin/nginx -c /home/fisco-bcos/webase-deploy/comm/nginx.conf,status :0 , output: 
[2019-11-08 17:42:00] [INFO]   os.getcwd() is /home/fisco-bcos/webase-deploy
[2019-11-08 17:42:00] [INFO]  commProperties is /home/fisco-bcos/webase-deploy/common.properties 
[2019-11-08 17:42:00] [INFO]   os.getcwd() is /home/fisco-bcos/webase-deploy
[2019-11-08 17:42:02] [INFO]   os.getcwd() is /home/fisco-bcos/webase-deploy
[2019-11-08 17:42:04] [INFO]   os.getcwd() is /home/fisco-bcos/webase-deploy
[2019-11-08 17:42:04] [INFO]  commProperties is /home/fisco-bcos/webase-deploy/common.properties 
[2019-11-08 17:42:04] [INFO]   os.getcwd() is /home/fisco-bcos/webase-deploy
[2019-11-08 17:42:04] [INFO]  commProperties is /home/fisco-bcos/webase-deploy/common.properties 
[2019-11-08 17:42:04] [INFO]   os.getcwd() is /home/fisco-bcos/webase-deploy
[2019-11-08 17:42:04] [INFO]  commProperties is /home/fisco-bcos/webase-deploy/common.properties 
[2019-11-08 17:42:04] [INFO]   os.getcwd() is /home/fisco-bcos/webase-deploy
[2019-11-08 17:42:04] [INFO]  commProperties is /home/fisco-bcos/webase-deploy/common.properties 
[2019-11-08 17:42:04] [INFO]   os.getcwd() is /home/fisco-bcos/webase-deploy
[2019-11-08 17:42:04] [INFO]  commProperties is /home/fisco-bcos/webase-deploy/common.properties 
[2019-11-08 17:42:04] [INFO]   os.getcwd() is /home/fisco-bcos/webase-deploy
[2019-11-08 17:42:04] [INFO]  commProperties is /home/fisco-bcos/webase-deploy/common.properties 
[2019-11-08 17:42:04] [INFO]  execute cmd  start ,cmd : cp -f /home/fisco-bcos/webase-deploy/webase-node-mgr/script/temp.sh /home/fisco-bcos/webase-deploy/webase-node-mgr/script/webase.sh
[2019-11-08 17:42:04] [INFO]  execute cmd  end ,cmd : cp -f /home/fisco-bcos/webase-deploy/webase-node-mgr/script/temp.sh /home/fisco-bcos/webase-deploy/webase-node-mgr/script/webase.sh,status :0 , output: 
[2019-11-08 17:42:04] [INFO]  execute cmd  start ,cmd : cp -f /home/fisco-bcos/webase-deploy/webase-node-mgr/conf/temp.yml /home/fisco-bcos/webase-deploy/webase-node-mgr/conf/application.yml
[2019-11-08 17:42:04] [INFO]  execute cmd  end ,cmd : cp -f /home/fisco-bcos/webase-deploy/webase-node-mgr/conf/temp.yml /home/fisco-bcos/webase-deploy/webase-node-mgr/conf/application.yml,status :0 , output: 
[2019-11-08 17:42:04] [INFO]  execute cmd  start ,cmd : sed -i "s/defaultAccount/dbUsername/g" /home/fisco-bcos/webase-deploy/webase-node-mgr/script/webase.sh
[2019-11-08 17:42:04] [INFO]  execute cmd  end ,cmd : sed -i "s/defaultAccount/dbUsername/g" /home/fisco-bcos/webase-deploy/webase-node-mgr/script/webase.sh,status :0 , output: 
[2019-11-08 17:42:04] [INFO]  execute cmd  start ,cmd : sed -i "s/defaultPassword/dbPassword/g" /home/fisco-bcos/webase-deploy/webase-node-mgr/script/webase.sh
[2019-11-08 17:42:04] [INFO]  execute cmd  end ,cmd : sed -i "s/defaultPassword/dbPassword/g" /home/fisco-bcos/webase-deploy/webase-node-mgr/script/webase.sh,status :0 , output: 
[2019-11-08 17:42:04] [INFO]  execute cmd  start ,cmd : sed -i "s/webasenodemanager/webasenodemanager/g" /home/fisco-bcos/webase-deploy/webase-node-mgr/script/webase.sh
[2019-11-08 17:42:04] [INFO]  execute cmd  end ,cmd : sed -i "s/webasenodemanager/webasenodemanager/g" /home/fisco-bcos/webase-deploy/webase-node-mgr/script/webase.sh,status :0 , output: 
[2019-11-08 17:42:04] [INFO]  execute cmd  start ,cmd : sed -i "s/5001/5001/g" /home/fisco-bcos/webase-deploy/webase-node-mgr/conf/application.yml
[2019-11-08 17:42:04] [INFO]  execute cmd  end ,cmd : sed -i "s/5001/5001/g" /home/fisco-bcos/webase-deploy/webase-node-mgr/conf/application.yml,status :0 , output: 
[2019-11-08 17:42:04] [INFO]  execute cmd  start ,cmd : sed -i "s/127.0.0.1/localhost/g" /home/fisco-bcos/webase-deploy/webase-node-mgr/conf/application.yml
[2019-11-08 17:42:04] [INFO]  execute cmd  end ,cmd : sed -i "s/127.0.0.1/localhost/g" /home/fisco-bcos/webase-deploy/webase-node-mgr/conf/application.yml,status :0 , output: 
[2019-11-08 17:42:04] [INFO]  execute cmd  start ,cmd : sed -i "s/3306/3306/g" /home/fisco-bcos/webase-deploy/webase-node-mgr/conf/application.yml
[2019-11-08 17:42:04] [INFO]  execute cmd  end ,cmd : sed -i "s/3306/3306/g" /home/fisco-bcos/webase-deploy/webase-node-mgr/conf/application.yml,status :0 , output: 
[2019-11-08 17:42:04] [INFO]  execute cmd  start ,cmd : sed -i "s/defaultAccount/dbUsername/g" /home/fisco-bcos/webase-deploy/webase-node-mgr/conf/application.yml
[2019-11-08 17:42:04] [INFO]  execute cmd  end ,cmd : sed -i "s/defaultAccount/dbUsername/g" /home/fisco-bcos/webase-deploy/webase-node-mgr/conf/application.yml,status :0 , output: 
[2019-11-08 17:42:04] [INFO]  execute cmd  start ,cmd : sed -i "s/defaultPassword/dbPassword/g" /home/fisco-bcos/webase-deploy/webase-node-mgr/conf/application.yml
[2019-11-08 17:42:04] [INFO]  execute cmd  end ,cmd : sed -i "s/defaultPassword/dbPassword/g" /home/fisco-bcos/webase-deploy/webase-node-mgr/conf/application.yml,status :0 , output: 
[2019-11-08 17:42:04] [INFO]  execute cmd  start ,cmd : sed -i "s/webasenodemanager/webasenodemanager/g" /home/fisco-bcos/webase-deploy/webase-node-mgr/conf/application.yml
[2019-11-08 17:42:04] [INFO]  execute cmd  end ,cmd : sed -i "s/webasenodemanager/webasenodemanager/g" /home/fisco-bcos/webase-deploy/webase-node-mgr/conf/application.yml,status :0 , output: 
[2019-11-08 17:42:04] [INFO]   os.getcwd() is /home/fisco-bcos/webase-deploy
[2019-11-08 17:42:04] [INFO]  commProperties is /home/fisco-bcos/webase-deploy/common.properties 
[2019-11-08 17:42:04] [INFO]   os.getcwd() is /home/fisco-bcos/webase-deploy
[2019-11-08 17:42:04] [INFO]  commProperties is /home/fisco-bcos/webase-deploy/common.properties 
[2019-11-08 17:42:04] [INFO]   os.getcwd() is /home/fisco-bcos/webase-deploy
[2019-11-08 17:42:04] [INFO]  commProperties is /home/fisco-bcos/webase-deploy/common.properties 
[2019-11-08 17:42:04] [INFO]   os.getcwd() is /home/fisco-bcos/webase-deploy
[2019-11-08 17:42:04] [INFO]  commProperties is /home/fisco-bcos/webase-deploy/common.properties 
[2019-11-08 17:42:04] [INFO]   os.getcwd() is /home/fisco-bcos/webase-deploy
[2019-11-08 17:42:04] [INFO]  commProperties is /home/fisco-bcos/webase-deploy/common.properties 
[2019-11-08 17:42:04] [INFO]  mysql except Traceback (most recent call last):
  File "/home/fisco-bcos/webase-deploy/comm/mysql.py", line 21, in dbConnect
    conn = mdb.connect(host=mysql_ip, port=mysql_port, user=mysql_user, passwd=mysql_password, charset='utf8')
  File "/usr/local/lib/python3.6/dist-packages/pymysql/__init__.py", line 94, in Connect
    return Connection(*args, **kwargs)
  File "/usr/local/lib/python3.6/dist-packages/pymysql/connections.py", line 325, in __init__
    self.connect()
  File "/usr/local/lib/python3.6/dist-packages/pymysql/connections.py", line 599, in connect
    self._request_authentication()
  File "/usr/local/lib/python3.6/dist-packages/pymysql/connections.py", line 861, in _request_authentication
    auth_packet = self._read_packet()
  File "/usr/local/lib/python3.6/dist-packages/pymysql/connections.py", line 684, in _read_packet
    packet.check_error()
  File "/usr/local/lib/python3.6/dist-packages/pymysql/protocol.py", line 220, in check_error
    err.raise_mysql_exception(self._data)
  File "/usr/local/lib/python3.6/dist-packages/pymysql/err.py", line 109, in raise_mysql_exception
    raise errorclass(errno, errval)
pymysql.err.InternalError: (1698, "Access denied for user 'dbUsername'@'localhost'")

[2019-11-08 17:47:30] [INFO]   os.getcwd() is /home/fisco-bcos/webase-deploy
[2019-11-08 17:47:30] [INFO]   os.getcwd() is /home/fisco-bcos/webase-deploy
[2019-11-08 17:47:30] [INFO]  execute cmd  start ,cmd : which git
[2019-11-08 17:47:30] [INFO]  execute cmd  end ,cmd : which git,status :0 , output: /usr/bin/git
[2019-11-08 17:47:30] [INFO]  execute cmd  start ,cmd : which openssl
[2019-11-08 17:47:30] [INFO]  execute cmd  end ,cmd : which openssl,status :0 , output: /usr/bin/openssl
[2019-11-08 17:47:30] [INFO]  execute cmd  start ,cmd : which curl
[2019-11-08 17:47:30] [INFO]  execute cmd  end ,cmd : which curl,status :0 , output: /usr/bin/curl
[2019-11-08 17:47:30] [INFO]  execute cmd  start ,cmd : which nginx
[2019-11-08 17:47:30] [INFO]  execute cmd  end ,cmd : which nginx,status :0 , output: /usr/sbin/nginx
[2019-11-08 17:47:30] [INFO]  execute cmd  start ,cmd : java -version
[2019-11-08 17:47:30] [INFO]  execute cmd  end ,cmd : java -version,status :0 , output: openjdk version "1.8.0_222"
OpenJDK Runtime Environment (build 1.8.0_222-8u222-b10-1ubuntu1~18.04.1-b10)
OpenJDK 64-Bit Server VM (build 25.222-b10, mixed mode)
[2019-11-08 17:47:30] [INFO]  execute cmd  start ,cmd : echo $JAVA_HOME
[2019-11-08 17:47:30] [INFO]  execute cmd  end ,cmd : echo $JAVA_HOME,status :0 , output: 
[2019-11-08 17:48:16] [INFO]   os.getcwd() is /home/fisco-bcos/webase-deploy
[2019-11-08 17:48:16] [INFO]   os.getcwd() is /home/fisco-bcos/webase-deploy
[2019-11-08 17:48:16] [INFO]  execute cmd  start ,cmd : which git
[2019-11-08 17:48:16] [INFO]  execute cmd  end ,cmd : which git,status :0 , output: /usr/bin/git
[2019-11-08 17:48:16] [INFO]  execute cmd  start ,cmd : which openssl
[2019-11-08 17:48:16] [INFO]  execute cmd  end ,cmd : which openssl,status :0 , output: /usr/bin/openssl
[2019-11-08 17:48:16] [INFO]  execute cmd  start ,cmd : which curl
[2019-11-08 17:48:16] [INFO]  execute cmd  end ,cmd : which curl,status :0 , output: /usr/bin/curl
[2019-11-08 17:48:16] [INFO]  execute cmd  start ,cmd : which nginx
[2019-11-08 17:48:16] [INFO]  execute cmd  end ,cmd : which nginx,status :0 , output: /usr/sbin/nginx
[2019-11-08 17:48:16] [INFO]  execute cmd  start ,cmd : java -version
[2019-11-08 17:48:16] [INFO]  execute cmd  end ,cmd : java -version,status :0 , output: openjdk version "1.8.0_222"
OpenJDK Runtime Environment (build 1.8.0_222-8u222-b10-1ubuntu1~18.04.1-b10)
OpenJDK 64-Bit Server VM (build 25.222-b10, mixed mode)
[2019-11-08 17:48:16] [INFO]  execute cmd  start ,cmd : echo $JAVA_HOME
[2019-11-08 17:48:16] [INFO]  execute cmd  end ,cmd : echo $JAVA_HOME,status :0 , output: /usr/java/jdk1.8.0_231
[2019-11-08 17:48:16] [INFO]   os.getcwd() is /home/fisco-bcos/webase-deploy
[2019-11-08 17:48:16] [INFO]  commProperties is /home/fisco-bcos/webase-deploy/common.properties 
[2019-11-08 17:48:16] [INFO]   os.getcwd() is /home/fisco-bcos/webase-deploy
[2019-11-08 17:48:16] [INFO]  commProperties is /home/fisco-bcos/webase-deploy/common.properties 
[2019-11-08 17:48:16] [INFO]   os.getcwd() is /home/fisco-bcos/webase-deploy
[2019-11-08 17:48:16] [INFO]  commProperties is /home/fisco-bcos/webase-deploy/common.properties 
[2019-11-08 17:48:16] [INFO]   os.getcwd() is /home/fisco-bcos/webase-deploy
[2019-11-08 17:48:16] [INFO]  commProperties is /home/fisco-bcos/webase-deploy/common.properties 
[2019-11-08 17:48:16] [INFO]   os.getcwd() is /home/fisco-bcos/webase-deploy
[2019-11-08 17:48:16] [INFO]  commProperties is /home/fisco-bcos/webase-deploy/common.properties 
[2019-11-08 17:48:16] [INFO]   os.getcwd() is /home/fisco-bcos/webase-deploy
[2019-11-08 17:48:16] [INFO]  commProperties is /home/fisco-bcos/webase-deploy/common.properties 
[2019-11-08 17:50:25] [INFO]   os.getcwd() is /home/fisco-bcos/webase-deploy
[2019-11-08 17:50:25] [INFO]   os.getcwd() is /home/fisco-bcos/webase-deploy
[2019-11-08 17:50:25] [INFO]  execute cmd  start ,cmd : which git
[2019-11-08 17:50:25] [INFO]  execute cmd  end ,cmd : which git,status :0 , output: /usr/bin/git
[2019-11-08 17:50:25] [INFO]  execute cmd  start ,cmd : which openssl
[2019-11-08 17:50:25] [INFO]  execute cmd  end ,cmd : which openssl,status :0 , output: /usr/bin/openssl
[2019-11-08 17:50:25] [INFO]  execute cmd  start ,cmd : which curl
[2019-11-08 17:50:25] [INFO]  execute cmd  end ,cmd : which curl,status :0 , output: /usr/bin/curl
[2019-11-08 17:50:25] [INFO]  execute cmd  start ,cmd : which nginx
[2019-11-08 17:50:25] [INFO]  execute cmd  end ,cmd : which nginx,status :0 , output: /usr/sbin/nginx
[2019-11-08 17:50:25] [INFO]  execute cmd  start ,cmd : java -version
[2019-11-08 17:50:25] [INFO]  execute cmd  end ,cmd : java -version,status :0 , output: openjdk version "1.8.0_222"
OpenJDK Runtime Environment (build 1.8.0_222-8u222-b10-1ubuntu1~18.04.1-b10)
OpenJDK 64-Bit Server VM (build 25.222-b10, mixed mode)
[2019-11-08 17:50:25] [INFO]  execute cmd  start ,cmd : echo $JAVA_HOME
[2019-11-08 17:50:25] [INFO]  execute cmd  end ,cmd : echo $JAVA_HOME,status :0 , output: /usr/java/jdk1.8.0_231
[2019-11-08 17:50:25] [INFO]   os.getcwd() is /home/fisco-bcos/webase-deploy
[2019-11-08 17:50:25] [INFO]  commProperties is /home/fisco-bcos/webase-deploy/common.properties 
[2019-11-08 17:50:25] [INFO]   os.getcwd() is /home/fisco-bcos/webase-deploy
[2019-11-08 17:50:25] [INFO]  commProperties is /home/fisco-bcos/webase-deploy/common.properties 
[2019-11-08 17:50:25] [INFO]   os.getcwd() is /home/fisco-bcos/webase-deploy
[2019-11-08 17:50:25] [INFO]  commProperties is /home/fisco-bcos/webase-deploy/common.properties 
[2019-11-08 17:50:25] [INFO]   os.getcwd() is /home/fisco-bcos/webase-deploy
[2019-11-08 17:50:25] [INFO]  commProperties is /home/fisco-bcos/webase-deploy/common.properties 
[2019-11-08 17:50:25] [INFO]   os.getcwd() is /home/fisco-bcos/webase-deploy
[2019-11-08 17:50:25] [INFO]  commProperties is /home/fisco-bcos/webase-deploy/common.properties 
[2019-11-08 17:50:25] [INFO]   os.getcwd() is /home/fisco-bcos/webase-deploy
[2019-11-08 17:50:25] [INFO]  commProperties is /home/fisco-bcos/webase-deploy/common.properties 
[2019-11-08 17:50:31] [INFO]   os.getcwd() is /home/fisco-bcos/webase-deploy
[2019-11-08 17:50:31] [INFO]   os.getcwd() is /home/fisco-bcos/webase-deploy
[2019-11-08 17:50:31] [INFO]   os.getcwd() is /home/fisco-bcos/webase-deploy
[2019-11-08 17:50:31] [INFO]  commProperties is /home/fisco-bcos/webase-deploy/common.properties 
[2019-11-08 17:50:31] [INFO]   os.getcwd() is /home/fisco-bcos/webase-deploy
[2019-11-08 17:50:31] [INFO]  commProperties is /home/fisco-bcos/webase-deploy/common.properties 
[2019-11-08 17:50:31] [INFO]  execute cmd  start ,cmd : chmod u+x *.sh
[2019-11-08 17:50:31] [INFO]  execute cmd  end ,cmd : chmod u+x *.sh,status :0 , output: 
[2019-11-08 17:50:31] [INFO]  execute cmd  start ,cmd : dos2unix *.sh
[2019-11-08 17:50:31] [INFO]  execute cmd  end ,cmd : dos2unix *.sh,status :127 , output: /bin/sh: 1: dos2unix: not found
[2019-11-08 17:50:33] [INFO]  execute cmd  start ,cmd : sudo rm -rf /run/nginx-webase-web.pid
[2019-11-08 17:50:33] [INFO]  execute cmd  end ,cmd : sudo rm -rf /run/nginx-webase-web.pid,status :0 , output: 
[2019-11-08 17:50:33] [INFO]  execute cmd  start ,cmd : source /etc/profile
[2019-11-08 17:50:33] [INFO]  execute cmd  end ,cmd : source /etc/profile,status :127 , output: /bin/sh: 1: source: not found
[2019-11-08 17:50:33] [INFO]  execute cmd  start ,cmd : chmod u+x *.sh
[2019-11-08 17:50:33] [INFO]  execute cmd  end ,cmd : chmod u+x *.sh,status :0 , output: 
[2019-11-08 17:50:33] [INFO]  execute cmd  start ,cmd : dos2unix *.sh
[2019-11-08 17:50:33] [INFO]  execute cmd  end ,cmd : dos2unix *.sh,status :127 , output: /bin/sh: 1: dos2unix: not found
[2019-11-08 17:50:33] [INFO]  execute cmd  start ,cmd : bash stop.sh
[2019-11-08 17:50:33] [INFO]  execute cmd  end ,cmd : bash stop.sh,status :0 , output: ===============================================================================================
Server com.webank.webase.node.mgr.Application Port 5001 is not running
===============================================================================================
[2019-11-08 17:50:36] [INFO]   os.getcwd() is /home/fisco-bcos/webase-deploy
[2019-11-08 17:50:36] [INFO]   os.getcwd() is /home/fisco-bcos/webase-deploy
[2019-11-08 17:50:36] [INFO]  execute cmd  start ,cmd : which git
[2019-11-08 17:50:36] [INFO]  execute cmd  end ,cmd : which git,status :0 , output: /usr/bin/git
[2019-11-08 17:50:36] [INFO]  execute cmd  start ,cmd : which openssl
[2019-11-08 17:50:36] [INFO]  execute cmd  end ,cmd : which openssl,status :0 , output: /usr/bin/openssl
[2019-11-08 17:50:36] [INFO]  execute cmd  start ,cmd : which curl
[2019-11-08 17:50:36] [INFO]  execute cmd  end ,cmd : which curl,status :0 , output: /usr/bin/curl
[2019-11-08 17:50:36] [INFO]  execute cmd  start ,cmd : which nginx
[2019-11-08 17:50:36] [INFO]  execute cmd  end ,cmd : which nginx,status :0 , output: /usr/sbin/nginx
[2019-11-08 17:50:36] [INFO]  execute cmd  start ,cmd : java -version
[2019-11-08 17:50:36] [INFO]  execute cmd  end ,cmd : java -version,status :0 , output: openjdk version "1.8.0_222"
OpenJDK Runtime Environment (build 1.8.0_222-8u222-b10-1ubuntu1~18.04.1-b10)
OpenJDK 64-Bit Server VM (build 25.222-b10, mixed mode)
[2019-11-08 17:50:36] [INFO]  execute cmd  start ,cmd : echo $JAVA_HOME
[2019-11-08 17:50:36] [INFO]  execute cmd  end ,cmd : echo $JAVA_HOME,status :0 , output: /usr/java/jdk1.8.0_231
[2019-11-08 17:50:36] [INFO]   os.getcwd() is /home/fisco-bcos/webase-deploy
[2019-11-08 17:50:36] [INFO]  commProperties is /home/fisco-bcos/webase-deploy/common.properties 
[2019-11-08 17:50:36] [INFO]   os.getcwd() is /home/fisco-bcos/webase-deploy
[2019-11-08 17:50:36] [INFO]  commProperties is /home/fisco-bcos/webase-deploy/common.properties 
[2019-11-08 17:50:36] [INFO]   os.getcwd() is /home/fisco-bcos/webase-deploy
[2019-11-08 17:50:36] [INFO]  commProperties is /home/fisco-bcos/webase-deploy/common.properties 
[2019-11-08 17:50:36] [INFO]   os.getcwd() is /home/fisco-bcos/webase-deploy
[2019-11-08 17:50:36] [INFO]  commProperties is /home/fisco-bcos/webase-deploy/common.properties 
[2019-11-08 17:50:36] [INFO]   os.getcwd() is /home/fisco-bcos/webase-deploy
[2019-11-08 17:50:36] [INFO]  commProperties is /home/fisco-bcos/webase-deploy/common.properties 
[2019-11-08 17:50:36] [INFO]   os.getcwd() is /home/fisco-bcos/webase-deploy
[2019-11-08 17:50:36] [INFO]  commProperties is /home/fisco-bcos/webase-deploy/common.properties 
[2019-11-08 17:50:36] [INFO]   os.getcwd() is /home/fisco-bcos/webase-deploy
[2019-11-08 17:50:36] [INFO]  commProperties is /home/fisco-bcos/webase-deploy/common.properties 
[2019-11-08 17:50:36] [INFO]   os.getcwd() is /home/fisco-bcos/webase-deploy
[2019-11-08 17:50:36] [INFO]  commProperties is /home/fisco-bcos/webase-deploy/common.properties 
[2019-11-08 17:50:36] [INFO]   os.getcwd() is /home/fisco-bcos/webase-deploy
[2019-11-08 17:50:36] [INFO]  commProperties is /home/fisco-bcos/webase-deploy/common.properties 
[2019-11-08 17:50:36] [INFO]   os.getcwd() is /home/fisco-bcos/webase-deploy
[2019-11-08 17:50:36] [INFO]  commProperties is /home/fisco-bcos/webase-deploy/common.properties 
[2019-11-08 17:50:36] [INFO]   os.getcwd() is /home/fisco-bcos/webase-deploy
[2019-11-08 17:50:36] [INFO]  commProperties is /home/fisco-bcos/webase-deploy/common.properties 
[2019-11-08 17:50:36] [INFO]   os.getcwd() is /home/fisco-bcos/webase-deploy
[2019-11-08 17:50:36] [INFO]  commProperties is /home/fisco-bcos/webase-deploy/common.properties 
[2019-11-08 17:50:36] [INFO]   os.getcwd() is /home/fisco-bcos/webase-deploy
[2019-11-08 17:50:36] [INFO]  commProperties is /home/fisco-bcos/webase-deploy/common.properties 
[2019-11-08 17:50:36] [INFO]   os.getcwd() is /home/fisco-bcos/webase-deploy
[2019-11-08 17:50:36] [INFO]  commProperties is /home/fisco-bcos/webase-deploy/common.properties 
[2019-11-08 17:50:36] [INFO]   os.getcwd() is /home/fisco-bcos/webase-deploy
[2019-11-08 17:50:36] [INFO]  commProperties is /home/fisco-bcos/webase-deploy/common.properties 
[2019-11-08 17:50:36] [INFO]   os.getcwd() is /home/fisco-bcos/webase-deploy
[2019-11-08 17:50:36] [INFO]  commProperties is /home/fisco-bcos/webase-deploy/common.properties 
[2019-11-08 17:50:36] [INFO]   os.getcwd() is /home/fisco-bcos/webase-deploy
[2019-11-08 17:50:36] [INFO]  commProperties is /home/fisco-bcos/webase-deploy/common.properties 
[2019-11-08 17:50:36] [INFO]  execute cmd  start ,cmd : cp -f nodetemp nodeconf
[2019-11-08 17:50:36] [INFO]  execute cmd  end ,cmd : cp -f nodetemp nodeconf,status :0 , output: 
[2019-11-08 17:50:36] [INFO]  execute cmd  start ,cmd : sed -i "s/nodeCounts/2/g" nodeconf
[2019-11-08 17:50:36] [INFO]  execute cmd  end ,cmd : sed -i "s/nodeCounts/2/g" nodeconf,status :0 , output: 
[2019-11-08 17:50:39] [INFO]   os.getcwd() is /home/fisco-bcos/webase-deploy
[2019-11-08 17:50:39] [INFO]  commProperties is /home/fisco-bcos/webase-deploy/common.properties 
[2019-11-08 17:50:39] [INFO]   os.getcwd() is /home/fisco-bcos/webase-deploy
[2019-11-08 17:50:39] [INFO]  commProperties is /home/fisco-bcos/webase-deploy/common.properties 
[2019-11-08 17:50:39] [INFO]  execute cmd  start ,cmd : chmod u+x *.sh
[2019-11-08 17:50:39] [INFO]  execute cmd  end ,cmd : chmod u+x *.sh,status :0 , output: 
[2019-11-08 17:50:39] [INFO]  execute cmd  start ,cmd : dos2unix *.sh
[2019-11-08 17:50:39] [INFO]  execute cmd  end ,cmd : dos2unix *.sh,status :127 , output: /bin/sh: 1: dos2unix: not found
[2019-11-08 17:50:41] [INFO]   os.getcwd() is /home/fisco-bcos/webase-deploy
[2019-11-08 17:50:41] [INFO]  commProperties is /home/fisco-bcos/webase-deploy/common.properties 
[2019-11-08 17:50:41] [INFO]   os.getcwd() is /home/fisco-bcos/webase-deploy
[2019-11-08 17:50:42] [INFO]   os.getcwd() is /home/fisco-bcos/webase-deploy
[2019-11-08 17:50:43] [INFO]   os.getcwd() is /home/fisco-bcos/webase-deploy
[2019-11-08 17:50:43] [INFO]  commProperties is /home/fisco-bcos/webase-deploy/common.properties 
[2019-11-08 17:50:43] [INFO]   os.getcwd() is /home/fisco-bcos/webase-deploy
[2019-11-08 17:50:43] [INFO]  commProperties is /home/fisco-bcos/webase-deploy/common.properties 
[2019-11-08 17:50:43] [INFO]  execute cmd  start ,cmd : cp -f /home/fisco-bcos/webase-deploy/comm/temp.conf /home/fisco-bcos/webase-deploy/comm/nginx.conf
[2019-11-08 17:50:43] [INFO]  execute cmd  end ,cmd : cp -f /home/fisco-bcos/webase-deploy/comm/temp.conf /home/fisco-bcos/webase-deploy/comm/nginx.conf,status :0 , output: 
[2019-11-08 17:50:43] [INFO]  execute cmd  start ,cmd : mkdir -p /home/fisco-bcos/webase-deploy/webase-web/log
[2019-11-08 17:50:43] [INFO]  execute cmd  end ,cmd : mkdir -p /home/fisco-bcos/webase-deploy/webase-web/log,status :0 , output: 
[2019-11-08 17:50:43] [INFO]  execute cmd  start ,cmd : sed -i "s/127.0.0.1/127.0.0.1/g" /home/fisco-bcos/webase-deploy/comm/nginx.conf
[2019-11-08 17:50:43] [INFO]  execute cmd  end ,cmd : sed -i "s/127.0.0.1/127.0.0.1/g" /home/fisco-bcos/webase-deploy/comm/nginx.conf,status :0 , output: 
[2019-11-08 17:50:43] [INFO]  execute cmd  start ,cmd : sed -i "s/5000/5000/g" /home/fisco-bcos/webase-deploy/comm/nginx.conf
[2019-11-08 17:50:43] [INFO]  execute cmd  end ,cmd : sed -i "s/5000/5000/g" /home/fisco-bcos/webase-deploy/comm/nginx.conf,status :0 , output: 
[2019-11-08 17:50:43] [INFO]  execute cmd  start ,cmd : sed -i "s/server 127.0.0.1:5001/server 127.0.0.1:5001/g" /home/fisco-bcos/webase-deploy/comm/nginx.conf
[2019-11-08 17:50:43] [INFO]  execute cmd  end ,cmd : sed -i "s/server 127.0.0.1:5001/server 127.0.0.1:5001/g" /home/fisco-bcos/webase-deploy/comm/nginx.conf,status :0 , output: 
[2019-11-08 17:50:43] [INFO]  execute cmd  start ,cmd : sed -i "s:log_path:/home/fisco-bcos/webase-deploy/webase-web/log:g" /home/fisco-bcos/webase-deploy/comm/nginx.conf
[2019-11-08 17:50:43] [INFO]  execute cmd  end ,cmd : sed -i "s:log_path:/home/fisco-bcos/webase-deploy/webase-web/log:g" /home/fisco-bcos/webase-deploy/comm/nginx.conf,status :0 , output: 
[2019-11-08 17:50:43] [INFO]  execute cmd  start ,cmd : sed -i "s:web_page_url:/home/fisco-bcos/webase-deploy/webase-web:g" /home/fisco-bcos/webase-deploy/comm/nginx.conf
[2019-11-08 17:50:43] [INFO]  execute cmd  end ,cmd : sed -i "s:web_page_url:/home/fisco-bcos/webase-deploy/webase-web:g" /home/fisco-bcos/webase-deploy/comm/nginx.conf,status :0 , output: 
[2019-11-08 17:50:43] [INFO]  execute cmd  start ,cmd : mkdir -p /home/fisco-bcos/webase-deploy/webase-web/log
[2019-11-08 17:50:43] [INFO]  execute cmd  end ,cmd : mkdir -p /home/fisco-bcos/webase-deploy/webase-web/log,status :0 , output: 
[2019-11-08 17:50:43] [INFO]  execute cmd  start ,cmd : which nginx
[2019-11-08 17:50:43] [INFO]  execute cmd  end ,cmd : which nginx,status :0 , output: /usr/sbin/nginx
[2019-11-08 17:50:43] [INFO]  execute cmd  start ,cmd : sudo /usr/sbin/nginx -c /home/fisco-bcos/webase-deploy/comm/nginx.conf
[2019-11-08 17:50:43] [INFO]  execute cmd  end ,cmd : sudo /usr/sbin/nginx -c /home/fisco-bcos/webase-deploy/comm/nginx.conf,status :0 , output: 
[2019-11-08 17:50:43] [INFO]   os.getcwd() is /home/fisco-bcos/webase-deploy
[2019-11-08 17:50:43] [INFO]  commProperties is /home/fisco-bcos/webase-deploy/common.properties 
[2019-11-08 17:50:43] [INFO]   os.getcwd() is /home/fisco-bcos/webase-deploy
[2019-11-08 17:50:44] [INFO]   os.getcwd() is /home/fisco-bcos/webase-deploy
[2019-11-08 17:50:44] [INFO]   os.getcwd() is /home/fisco-bcos/webase-deploy
[2019-11-08 17:50:44] [INFO]  commProperties is /home/fisco-bcos/webase-deploy/common.properties 
[2019-11-08 17:50:44] [INFO]   os.getcwd() is /home/fisco-bcos/webase-deploy
[2019-11-08 17:50:44] [INFO]  commProperties is /home/fisco-bcos/webase-deploy/common.properties 
[2019-11-08 17:50:44] [INFO]   os.getcwd() is /home/fisco-bcos/webase-deploy
[2019-11-08 17:50:44] [INFO]  commProperties is /home/fisco-bcos/webase-deploy/common.properties 
[2019-11-08 17:50:44] [INFO]   os.getcwd() is /home/fisco-bcos/webase-deploy
[2019-11-08 17:50:44] [INFO]  commProperties is /home/fisco-bcos/webase-deploy/common.properties 
[2019-11-08 17:50:44] [INFO]   os.getcwd() is /home/fisco-bcos/webase-deploy
[2019-11-08 17:50:44] [INFO]  commProperties is /home/fisco-bcos/webase-deploy/common.properties 
[2019-11-08 17:50:44] [INFO]   os.getcwd() is /home/fisco-bcos/webase-deploy
[2019-11-08 17:50:44] [INFO]  commProperties is /home/fisco-bcos/webase-deploy/common.properties 
[2019-11-08 17:50:44] [INFO]  execute cmd  start ,cmd : cp -f /home/fisco-bcos/webase-deploy/webase-node-mgr/script/temp.sh /home/fisco-bcos/webase-deploy/webase-node-mgr/script/webase.sh
[2019-11-08 17:50:44] [INFO]  execute cmd  end ,cmd : cp -f /home/fisco-bcos/webase-deploy/webase-node-mgr/script/temp.sh /home/fisco-bcos/webase-deploy/webase-node-mgr/script/webase.sh,status :0 , output: 
[2019-11-08 17:50:44] [INFO]  execute cmd  start ,cmd : cp -f /home/fisco-bcos/webase-deploy/webase-node-mgr/conf/temp.yml /home/fisco-bcos/webase-deploy/webase-node-mgr/conf/application.yml
[2019-11-08 17:50:44] [INFO]  execute cmd  end ,cmd : cp -f /home/fisco-bcos/webase-deploy/webase-node-mgr/conf/temp.yml /home/fisco-bcos/webase-deploy/webase-node-mgr/conf/application.yml,status :0 , output: 
[2019-11-08 17:50:44] [INFO]  execute cmd  start ,cmd : sed -i "s/defaultAccount/dbUsername/g" /home/fisco-bcos/webase-deploy/webase-node-mgr/script/webase.sh
[2019-11-08 17:50:44] [INFO]  execute cmd  end ,cmd : sed -i "s/defaultAccount/dbUsername/g" /home/fisco-bcos/webase-deploy/webase-node-mgr/script/webase.sh,status :0 , output: 
[2019-11-08 17:50:44] [INFO]  execute cmd  start ,cmd : sed -i "s/defaultPassword/dbPassword/g" /home/fisco-bcos/webase-deploy/webase-node-mgr/script/webase.sh
[2019-11-08 17:50:44] [INFO]  execute cmd  end ,cmd : sed -i "s/defaultPassword/dbPassword/g" /home/fisco-bcos/webase-deploy/webase-node-mgr/script/webase.sh,status :0 , output: 
[2019-11-08 17:50:44] [INFO]  execute cmd  start ,cmd : sed -i "s/webasenodemanager/webasenodemanager/g" /home/fisco-bcos/webase-deploy/webase-node-mgr/script/webase.sh
[2019-11-08 17:50:44] [INFO]  execute cmd  end ,cmd : sed -i "s/webasenodemanager/webasenodemanager/g" /home/fisco-bcos/webase-deploy/webase-node-mgr/script/webase.sh,status :0 , output: 
[2019-11-08 17:50:44] [INFO]  execute cmd  start ,cmd : sed -i "s/5001/5001/g" /home/fisco-bcos/webase-deploy/webase-node-mgr/conf/application.yml
[2019-11-08 17:50:44] [INFO]  execute cmd  end ,cmd : sed -i "s/5001/5001/g" /home/fisco-bcos/webase-deploy/webase-node-mgr/conf/application.yml,status :0 , output: 
[2019-11-08 17:50:44] [INFO]  execute cmd  start ,cmd : sed -i "s/127.0.0.1/localhost/g" /home/fisco-bcos/webase-deploy/webase-node-mgr/conf/application.yml
[2019-11-08 17:50:44] [INFO]  execute cmd  end ,cmd : sed -i "s/127.0.0.1/localhost/g" /home/fisco-bcos/webase-deploy/webase-node-mgr/conf/application.yml,status :0 , output: 
[2019-11-08 17:50:44] [INFO]  execute cmd  start ,cmd : sed -i "s/3306/3306/g" /home/fisco-bcos/webase-deploy/webase-node-mgr/conf/application.yml
[2019-11-08 17:50:44] [INFO]  execute cmd  end ,cmd : sed -i "s/3306/3306/g" /home/fisco-bcos/webase-deploy/webase-node-mgr/conf/application.yml,status :0 , output: 
[2019-11-08 17:50:44] [INFO]  execute cmd  start ,cmd : sed -i "s/defaultAccount/dbUsername/g" /home/fisco-bcos/webase-deploy/webase-node-mgr/conf/application.yml
[2019-11-08 17:50:44] [INFO]  execute cmd  end ,cmd : sed -i "s/defaultAccount/dbUsername/g" /home/fisco-bcos/webase-deploy/webase-node-mgr/conf/application.yml,status :0 , output: 
[2019-11-08 17:50:44] [INFO]  execute cmd  start ,cmd : sed -i "s/defaultPassword/dbPassword/g" /home/fisco-bcos/webase-deploy/webase-node-mgr/conf/application.yml
[2019-11-08 17:50:44] [INFO]  execute cmd  end ,cmd : sed -i "s/defaultPassword/dbPassword/g" /home/fisco-bcos/webase-deploy/webase-node-mgr/conf/application.yml,status :0 , output: 
[2019-11-08 17:50:44] [INFO]  execute cmd  start ,cmd : sed -i "s/webasenodemanager/webasenodemanager/g" /home/fisco-bcos/webase-deploy/webase-node-mgr/conf/application.yml
[2019-11-08 17:50:44] [INFO]  execute cmd  end ,cmd : sed -i "s/webasenodemanager/webasenodemanager/g" /home/fisco-bcos/webase-deploy/webase-node-mgr/conf/application.yml,status :0 , output: 
[2019-11-08 17:50:44] [INFO]   os.getcwd() is /home/fisco-bcos/webase-deploy
[2019-11-08 17:50:44] [INFO]  commProperties is /home/fisco-bcos/webase-deploy/common.properties 
[2019-11-08 17:50:44] [INFO]   os.getcwd() is /home/fisco-bcos/webase-deploy
[2019-11-08 17:50:44] [INFO]  commProperties is /home/fisco-bcos/webase-deploy/common.properties 
[2019-11-08 17:50:44] [INFO]   os.getcwd() is /home/fisco-bcos/webase-deploy
[2019-11-08 17:50:44] [INFO]  commProperties is /home/fisco-bcos/webase-deploy/common.properties 
[2019-11-08 17:50:44] [INFO]   os.getcwd() is /home/fisco-bcos/webase-deploy
[2019-11-08 17:50:44] [INFO]  commProperties is /home/fisco-bcos/webase-deploy/common.properties 
[2019-11-08 17:50:44] [INFO]   os.getcwd() is /home/fisco-bcos/webase-deploy
[2019-11-08 17:50:44] [INFO]  commProperties is /home/fisco-bcos/webase-deploy/common.properties 
[2019-11-08 17:50:44] [INFO]  mysql except Traceback (most recent call last):
  File "/home/fisco-bcos/webase-deploy/comm/mysql.py", line 21, in dbConnect
    conn = mdb.connect(host=mysql_ip, port=mysql_port, user=mysql_user, passwd=mysql_password, charset='utf8')
  File "/usr/local/lib/python3.6/dist-packages/pymysql/__init__.py", line 94, in Connect
    return Connection(*args, **kwargs)
  File "/usr/local/lib/python3.6/dist-packages/pymysql/connections.py", line 325, in __init__
    self.connect()
  File "/usr/local/lib/python3.6/dist-packages/pymysql/connections.py", line 599, in connect
    self._request_authentication()
  File "/usr/local/lib/python3.6/dist-packages/pymysql/connections.py", line 861, in _request_authentication
    auth_packet = self._read_packet()
  File "/usr/local/lib/python3.6/dist-packages/pymysql/connections.py", line 684, in _read_packet
    packet.check_error()
  File "/usr/local/lib/python3.6/dist-packages/pymysql/protocol.py", line 220, in check_error
    err.raise_mysql_exception(self._data)
  File "/usr/local/lib/python3.6/dist-packages/pymysql/err.py", line 109, in raise_mysql_exception
    raise errorclass(errno, errval)
pymysql.err.InternalError: (1698, "Access denied for user 'dbUsername'@'localhost'")

[2019-11-08 17:53:55] [INFO]   os.getcwd() is /home/fisco-bcos/webase-deploy
[2019-11-08 17:53:55] [INFO]   os.getcwd() is /home/fisco-bcos/webase-deploy
[2019-11-08 17:53:55] [INFO]   os.getcwd() is /home/fisco-bcos/webase-deploy
[2019-11-08 17:53:55] [INFO]  commProperties is /home/fisco-bcos/webase-deploy/common.properties 
[2019-11-08 17:53:55] [INFO]   os.getcwd() is /home/fisco-bcos/webase-deploy
[2019-11-08 17:53:55] [INFO]  commProperties is /home/fisco-bcos/webase-deploy/common.properties 
[2019-11-08 17:53:55] [INFO]  execute cmd  start ,cmd : chmod u+x *.sh
[2019-11-08 17:53:55] [INFO]  execute cmd  end ,cmd : chmod u+x *.sh,status :0 , output: 
[2019-11-08 17:53:55] [INFO]  execute cmd  start ,cmd : dos2unix *.sh
[2019-11-08 17:53:55] [INFO]  execute cmd  end ,cmd : dos2unix *.sh,status :127 , output: /bin/sh: 1: dos2unix: not found
[2019-11-08 17:53:58] [INFO]  execute cmd  start ,cmd : sudo rm -rf /run/nginx-webase-web.pid
[2019-11-08 17:53:58] [INFO]  execute cmd  end ,cmd : sudo rm -rf /run/nginx-webase-web.pid,status :0 , output: 
[2019-11-08 17:53:58] [INFO]  execute cmd  start ,cmd : source /etc/profile
[2019-11-08 17:53:58] [INFO]  execute cmd  end ,cmd : source /etc/profile,status :127 , output: /bin/sh: 1: source: not found
[2019-11-08 17:53:58] [INFO]  execute cmd  start ,cmd : chmod u+x *.sh
[2019-11-08 17:53:58] [INFO]  execute cmd  end ,cmd : chmod u+x *.sh,status :0 , output: 
[2019-11-08 17:53:58] [INFO]  execute cmd  start ,cmd : dos2unix *.sh
[2019-11-08 17:53:58] [INFO]  execute cmd  end ,cmd : dos2unix *.sh,status :127 , output: /bin/sh: 1: dos2unix: not found
[2019-11-08 17:53:58] [INFO]  execute cmd  start ,cmd : bash stop.sh
[2019-11-08 17:53:58] [INFO]  execute cmd  end ,cmd : bash stop.sh,status :0 , output: ===============================================================================================
Server com.webank.webase.node.mgr.Application Port 5001 is not running
===============================================================================================
[2019-11-08 17:54:02] [INFO]   os.getcwd() is /home/fisco-bcos/webase-deploy
[2019-11-08 17:54:02] [INFO]   os.getcwd() is /home/fisco-bcos/webase-deploy
[2019-11-08 17:54:02] [INFO]  execute cmd  start ,cmd : which git
[2019-11-08 17:54:02] [INFO]  execute cmd  end ,cmd : which git,status :0 , output: /usr/bin/git
[2019-11-08 17:54:02] [INFO]  execute cmd  start ,cmd : which openssl
[2019-11-08 17:54:02] [INFO]  execute cmd  end ,cmd : which openssl,status :0 , output: /usr/bin/openssl
[2019-11-08 17:54:02] [INFO]  execute cmd  start ,cmd : which curl
[2019-11-08 17:54:02] [INFO]  execute cmd  end ,cmd : which curl,status :0 , output: /usr/bin/curl
[2019-11-08 17:54:02] [INFO]  execute cmd  start ,cmd : which nginx
[2019-11-08 17:54:02] [INFO]  execute cmd  end ,cmd : which nginx,status :0 , output: /usr/sbin/nginx
[2019-11-08 17:54:02] [INFO]  execute cmd  start ,cmd : java -version
[2019-11-08 17:54:02] [INFO]  execute cmd  end ,cmd : java -version,status :0 , output: openjdk version "1.8.0_222"
OpenJDK Runtime Environment (build 1.8.0_222-8u222-b10-1ubuntu1~18.04.1-b10)
OpenJDK 64-Bit Server VM (build 25.222-b10, mixed mode)
[2019-11-08 17:54:02] [INFO]  execute cmd  start ,cmd : echo $JAVA_HOME
[2019-11-08 17:54:02] [INFO]  execute cmd  end ,cmd : echo $JAVA_HOME,status :0 , output: /usr/java/jdk1.8.0_231
[2019-11-08 17:54:02] [INFO]   os.getcwd() is /home/fisco-bcos/webase-deploy
[2019-11-08 17:54:02] [INFO]  commProperties is /home/fisco-bcos/webase-deploy/common.properties 
[2019-11-08 17:54:02] [INFO]   os.getcwd() is /home/fisco-bcos/webase-deploy
[2019-11-08 17:54:02] [INFO]  commProperties is /home/fisco-bcos/webase-deploy/common.properties 
[2019-11-08 17:54:02] [INFO]   os.getcwd() is /home/fisco-bcos/webase-deploy
[2019-11-08 17:54:02] [INFO]  commProperties is /home/fisco-bcos/webase-deploy/common.properties 
[2019-11-08 17:54:02] [INFO]   os.getcwd() is /home/fisco-bcos/webase-deploy
[2019-11-08 17:54:02] [INFO]  commProperties is /home/fisco-bcos/webase-deploy/common.properties 
[2019-11-08 17:54:02] [INFO]   os.getcwd() is /home/fisco-bcos/webase-deploy
[2019-11-08 17:54:02] [INFO]  commProperties is /home/fisco-bcos/webase-deploy/common.properties 
[2019-11-08 17:54:02] [INFO]   os.getcwd() is /home/fisco-bcos/webase-deploy
[2019-11-08 17:54:02] [INFO]  commProperties is /home/fisco-bcos/webase-deploy/common.properties 
[2019-11-08 17:54:02] [INFO]   os.getcwd() is /home/fisco-bcos/webase-deploy
[2019-11-08 17:54:02] [INFO]  commProperties is /home/fisco-bcos/webase-deploy/common.properties 
[2019-11-08 17:54:02] [INFO]   os.getcwd() is /home/fisco-bcos/webase-deploy
[2019-11-08 17:54:02] [INFO]  commProperties is /home/fisco-bcos/webase-deploy/common.properties 
[2019-11-08 17:54:02] [INFO]   os.getcwd() is /home/fisco-bcos/webase-deploy
[2019-11-08 17:54:02] [INFO]  commProperties is /home/fisco-bcos/webase-deploy/common.properties 
[2019-11-08 17:54:02] [INFO]   os.getcwd() is /home/fisco-bcos/webase-deploy
[2019-11-08 17:54:02] [INFO]  commProperties is /home/fisco-bcos/webase-deploy/common.properties 
[2019-11-08 17:54:02] [INFO]   os.getcwd() is /home/fisco-bcos/webase-deploy
[2019-11-08 17:54:02] [INFO]  commProperties is /home/fisco-bcos/webase-deploy/common.properties 
[2019-11-08 17:54:18] [INFO]   os.getcwd() is /home/fisco-bcos/webase-deploy
[2019-11-08 17:54:18] [INFO]   os.getcwd() is /home/fisco-bcos/webase-deploy
[2019-11-08 17:54:18] [INFO]   os.getcwd() is /home/fisco-bcos/webase-deploy
[2019-11-08 17:54:18] [INFO]  commProperties is /home/fisco-bcos/webase-deploy/common.properties 
[2019-11-08 17:54:18] [INFO]   os.getcwd() is /home/fisco-bcos/webase-deploy
[2019-11-08 17:54:18] [INFO]  commProperties is /home/fisco-bcos/webase-deploy/common.properties 
[2019-11-08 17:54:18] [INFO]  execute cmd  start ,cmd : chmod u+x *.sh
[2019-11-08 17:54:18] [INFO]  execute cmd  end ,cmd : chmod u+x *.sh,status :0 , output: 
[2019-11-08 17:54:18] [INFO]  execute cmd  start ,cmd : dos2unix *.sh
[2019-11-08 17:54:18] [INFO]  execute cmd  end ,cmd : dos2unix *.sh,status :127 , output: /bin/sh: 1: dos2unix: not found
[2019-11-08 17:54:18] [INFO]  execute cmd  start ,cmd : source /etc/profile
[2019-11-08 17:54:18] [INFO]  execute cmd  end ,cmd : source /etc/profile,status :127 , output: /bin/sh: 1: source: not found
[2019-11-08 17:54:18] [INFO]  execute cmd  start ,cmd : chmod u+x *.sh
[2019-11-08 17:54:18] [INFO]  execute cmd  end ,cmd : chmod u+x *.sh,status :0 , output: 
[2019-11-08 17:54:18] [INFO]  execute cmd  start ,cmd : dos2unix *.sh
[2019-11-08 17:54:18] [INFO]  execute cmd  end ,cmd : dos2unix *.sh,status :127 , output: /bin/sh: 1: dos2unix: not found
[2019-11-08 17:54:18] [INFO]  execute cmd  start ,cmd : bash stop.sh
[2019-11-08 17:54:18] [INFO]  execute cmd  end ,cmd : bash stop.sh,status :0 , output: ===============================================================================================
Server com.webank.webase.node.mgr.Application Port 5001 is not running
===============================================================================================
[2019-11-08 17:56:22] [INFO]   os.getcwd() is /home/fisco-bcos/webase-deploy
[2019-11-08 17:56:22] [INFO]   os.getcwd() is /home/fisco-bcos/webase-deploy
[2019-11-08 17:56:22] [INFO]  execute cmd  start ,cmd : which git
[2019-11-08 17:56:22] [INFO]  execute cmd  end ,cmd : which git,status :0 , output: /usr/bin/git
[2019-11-08 17:56:22] [INFO]  execute cmd  start ,cmd : which openssl
[2019-11-08 17:56:22] [INFO]  execute cmd  end ,cmd : which openssl,status :0 , output: /usr/bin/openssl
[2019-11-08 17:56:22] [INFO]  execute cmd  start ,cmd : which curl
[2019-11-08 17:56:22] [INFO]  execute cmd  end ,cmd : which curl,status :0 , output: /usr/bin/curl
[2019-11-08 17:56:22] [INFO]  execute cmd  start ,cmd : which nginx
[2019-11-08 17:56:22] [INFO]  execute cmd  end ,cmd : which nginx,status :0 , output: /usr/sbin/nginx
[2019-11-08 17:56:22] [INFO]  execute cmd  start ,cmd : java -version
[2019-11-08 17:56:22] [INFO]  execute cmd  end ,cmd : java -version,status :0 , output: openjdk version "1.8.0_222"
OpenJDK Runtime Environment (build 1.8.0_222-8u222-b10-1ubuntu1~18.04.1-b10)
OpenJDK 64-Bit Server VM (build 25.222-b10, mixed mode)
[2019-11-08 17:56:22] [INFO]  execute cmd  start ,cmd : echo $JAVA_HOME
[2019-11-08 17:56:22] [INFO]  execute cmd  end ,cmd : echo $JAVA_HOME,status :0 , output: /usr/java/jdk1.8.0_231
[2019-11-08 17:56:22] [INFO]   os.getcwd() is /home/fisco-bcos/webase-deploy
[2019-11-08 17:56:22] [INFO]  commProperties is /home/fisco-bcos/webase-deploy/common.properties 
[2019-11-08 17:56:22] [INFO]   os.getcwd() is /home/fisco-bcos/webase-deploy
[2019-11-08 17:56:22] [INFO]  commProperties is /home/fisco-bcos/webase-deploy/common.properties 
[2019-11-08 17:56:22] [INFO]   os.getcwd() is /home/fisco-bcos/webase-deploy
[2019-11-08 17:56:22] [INFO]  commProperties is /home/fisco-bcos/webase-deploy/common.properties 
[2019-11-08 17:56:22] [INFO]   os.getcwd() is /home/fisco-bcos/webase-deploy
[2019-11-08 17:56:22] [INFO]  commProperties is /home/fisco-bcos/webase-deploy/common.properties 
[2019-11-08 17:56:22] [INFO]   os.getcwd() is /home/fisco-bcos/webase-deploy
[2019-11-08 17:56:22] [INFO]  commProperties is /home/fisco-bcos/webase-deploy/common.properties 
[2019-11-08 17:56:22] [INFO]   os.getcwd() is /home/fisco-bcos/webase-deploy
[2019-11-08 17:56:22] [INFO]  commProperties is /home/fisco-bcos/webase-deploy/common.properties 
[2019-11-08 17:56:22] [INFO]   os.getcwd() is /home/fisco-bcos/webase-deploy
[2019-11-08 17:56:22] [INFO]  commProperties is /home/fisco-bcos/webase-deploy/common.properties 
[2019-11-08 17:56:22] [INFO]   os.getcwd() is /home/fisco-bcos/webase-deploy
[2019-11-08 17:56:22] [INFO]  commProperties is /home/fisco-bcos/webase-deploy/common.properties 
[2019-11-08 17:56:22] [INFO]   os.getcwd() is /home/fisco-bcos/webase-deploy
[2019-11-08 17:56:22] [INFO]  commProperties is /home/fisco-bcos/webase-deploy/common.properties 
[2019-11-08 17:56:22] [INFO]   os.getcwd() is /home/fisco-bcos/webase-deploy
[2019-11-08 17:56:22] [INFO]  commProperties is /home/fisco-bcos/webase-deploy/common.properties 
[2019-11-08 17:56:22] [INFO]   os.getcwd() is /home/fisco-bcos/webase-deploy
[2019-11-08 17:56:22] [INFO]  commProperties is /home/fisco-bcos/webase-deploy/common.properties 
[2019-11-08 17:56:59] [INFO]   os.getcwd() is /home/fisco-bcos/webase-deploy
[2019-11-08 17:56:59] [INFO]   os.getcwd() is /home/fisco-bcos/webase-deploy
[2019-11-08 17:56:59] [INFO]   os.getcwd() is /home/fisco-bcos/webase-deploy
[2019-11-08 17:56:59] [INFO]  commProperties is /home/fisco-bcos/webase-deploy/common.properties 
[2019-11-08 17:56:59] [INFO]   os.getcwd() is /home/fisco-bcos/webase-deploy
[2019-11-08 17:56:59] [INFO]  commProperties is /home/fisco-bcos/webase-deploy/common.properties 
[2019-11-08 17:56:59] [INFO]  execute cmd  start ,cmd : chmod u+x *.sh
[2019-11-08 17:56:59] [INFO]  execute cmd  end ,cmd : chmod u+x *.sh,status :0 , output: 
[2019-11-08 17:56:59] [INFO]  execute cmd  start ,cmd : dos2unix *.sh
[2019-11-08 17:56:59] [INFO]  execute cmd  end ,cmd : dos2unix *.sh,status :127 , output: /bin/sh: 1: dos2unix: not found
[2019-11-08 17:56:59] [INFO]  execute cmd  start ,cmd : source /etc/profile
[2019-11-08 17:56:59] [INFO]  execute cmd  end ,cmd : source /etc/profile,status :127 , output: /bin/sh: 1: source: not found
[2019-11-08 17:56:59] [INFO]  execute cmd  start ,cmd : chmod u+x *.sh
[2019-11-08 17:56:59] [INFO]  execute cmd  end ,cmd : chmod u+x *.sh,status :0 , output: 
[2019-11-08 17:56:59] [INFO]  execute cmd  start ,cmd : dos2unix *.sh
[2019-11-08 17:56:59] [INFO]  execute cmd  end ,cmd : dos2unix *.sh,status :127 , output: /bin/sh: 1: dos2unix: not found
[2019-11-08 17:56:59] [INFO]  execute cmd  start ,cmd : bash stop.sh
[2019-11-08 17:56:59] [INFO]  execute cmd  end ,cmd : bash stop.sh,status :0 , output: ===============================================================================================
Server com.webank.webase.node.mgr.Application Port 5001 is not running
===============================================================================================
[2019-11-08 17:57:00] [INFO]   os.getcwd() is /home/fisco-bcos/webase-deploy
[2019-11-08 17:57:00] [INFO]   os.getcwd() is /home/fisco-bcos/webase-deploy
[2019-11-08 17:57:00] [INFO]  execute cmd  start ,cmd : which git
[2019-11-08 17:57:00] [INFO]  execute cmd  end ,cmd : which git,status :0 , output: /usr/bin/git
[2019-11-08 17:57:00] [INFO]  execute cmd  start ,cmd : which openssl
[2019-11-08 17:57:00] [INFO]  execute cmd  end ,cmd : which openssl,status :0 , output: /usr/bin/openssl
[2019-11-08 17:57:00] [INFO]  execute cmd  start ,cmd : which curl
[2019-11-08 17:57:00] [INFO]  execute cmd  end ,cmd : which curl,status :0 , output: /usr/bin/curl
[2019-11-08 17:57:00] [INFO]  execute cmd  start ,cmd : which nginx
[2019-11-08 17:57:00] [INFO]  execute cmd  end ,cmd : which nginx,status :0 , output: /usr/sbin/nginx
[2019-11-08 17:57:00] [INFO]  execute cmd  start ,cmd : java -version
[2019-11-08 17:57:01] [INFO]  execute cmd  end ,cmd : java -version,status :0 , output: openjdk version "1.8.0_222"
OpenJDK Runtime Environment (build 1.8.0_222-8u222-b10-1ubuntu1~18.04.1-b10)
OpenJDK 64-Bit Server VM (build 25.222-b10, mixed mode)
[2019-11-08 17:57:01] [INFO]  execute cmd  start ,cmd : echo $JAVA_HOME
[2019-11-08 17:57:01] [INFO]  execute cmd  end ,cmd : echo $JAVA_HOME,status :0 , output: /usr/java/jdk1.8.0_231
[2019-11-08 17:57:01] [INFO]   os.getcwd() is /home/fisco-bcos/webase-deploy
[2019-11-08 17:57:01] [INFO]  commProperties is /home/fisco-bcos/webase-deploy/common.properties 
[2019-11-08 17:57:01] [INFO]   os.getcwd() is /home/fisco-bcos/webase-deploy
[2019-11-08 17:57:01] [INFO]  commProperties is /home/fisco-bcos/webase-deploy/common.properties 
[2019-11-08 17:57:01] [INFO]   os.getcwd() is /home/fisco-bcos/webase-deploy
[2019-11-08 17:57:01] [INFO]  commProperties is /home/fisco-bcos/webase-deploy/common.properties 
[2019-11-08 17:57:01] [INFO]   os.getcwd() is /home/fisco-bcos/webase-deploy
[2019-11-08 17:57:01] [INFO]  commProperties is /home/fisco-bcos/webase-deploy/common.properties 
[2019-11-08 17:57:01] [INFO]   os.getcwd() is /home/fisco-bcos/webase-deploy
[2019-11-08 17:57:01] [INFO]  commProperties is /home/fisco-bcos/webase-deploy/common.properties 
[2019-11-08 17:57:01] [INFO]   os.getcwd() is /home/fisco-bcos/webase-deploy
[2019-11-08 17:57:01] [INFO]  commProperties is /home/fisco-bcos/webase-deploy/common.properties 
[2019-11-08 17:57:01] [INFO]   os.getcwd() is /home/fisco-bcos/webase-deploy
[2019-11-08 17:57:01] [INFO]  commProperties is /home/fisco-bcos/webase-deploy/common.properties 
[2019-11-08 17:57:01] [INFO]   os.getcwd() is /home/fisco-bcos/webase-deploy
[2019-11-08 17:57:01] [INFO]  commProperties is /home/fisco-bcos/webase-deploy/common.properties 
[2019-11-08 17:57:01] [INFO]   os.getcwd() is /home/fisco-bcos/webase-deploy
[2019-11-08 17:57:01] [INFO]  commProperties is /home/fisco-bcos/webase-deploy/common.properties 
[2019-11-08 17:57:01] [INFO]   os.getcwd() is /home/fisco-bcos/webase-deploy
[2019-11-08 17:57:01] [INFO]  commProperties is /home/fisco-bcos/webase-deploy/common.properties 
[2019-11-08 17:57:01] [INFO]   os.getcwd() is /home/fisco-bcos/webase-deploy
[2019-11-08 17:57:01] [INFO]  commProperties is /home/fisco-bcos/webase-deploy/common.properties 
[2019-11-08 17:58:17] [INFO]   os.getcwd() is /home/fisco-bcos/webase-deploy
[2019-11-08 17:58:17] [INFO]   os.getcwd() is /home/fisco-bcos/webase-deploy
[2019-11-08 17:58:17] [INFO]  execute cmd  start ,cmd : which git
[2019-11-08 17:58:17] [INFO]  execute cmd  end ,cmd : which git,status :0 , output: /usr/bin/git
[2019-11-08 17:58:17] [INFO]  execute cmd  start ,cmd : which openssl
[2019-11-08 17:58:17] [INFO]  execute cmd  end ,cmd : which openssl,status :0 , output: /usr/bin/openssl
[2019-11-08 17:58:17] [INFO]  execute cmd  start ,cmd : which curl
[2019-11-08 17:58:17] [INFO]  execute cmd  end ,cmd : which curl,status :0 , output: /usr/bin/curl
[2019-11-08 17:58:17] [INFO]  execute cmd  start ,cmd : which nginx
[2019-11-08 17:58:17] [INFO]  execute cmd  end ,cmd : which nginx,status :0 , output: /usr/sbin/nginx
[2019-11-08 17:58:17] [INFO]  execute cmd  start ,cmd : java -version
[2019-11-08 17:58:17] [INFO]  execute cmd  end ,cmd : java -version,status :0 , output: openjdk version "1.8.0_222"
OpenJDK Runtime Environment (build 1.8.0_222-8u222-b10-1ubuntu1~18.04.1-b10)
OpenJDK 64-Bit Server VM (build 25.222-b10, mixed mode)
[2019-11-08 17:58:17] [INFO]  execute cmd  start ,cmd : echo $JAVA_HOME
[2019-11-08 17:58:17] [INFO]  execute cmd  end ,cmd : echo $JAVA_HOME,status :0 , output: /usr/java/jdk1.8.0_231
[2019-11-08 17:58:17] [INFO]   os.getcwd() is /home/fisco-bcos/webase-deploy
[2019-11-08 17:58:17] [INFO]  commProperties is /home/fisco-bcos/webase-deploy/common.properties 
[2019-11-08 17:58:17] [INFO]   os.getcwd() is /home/fisco-bcos/webase-deploy
[2019-11-08 17:58:17] [INFO]  commProperties is /home/fisco-bcos/webase-deploy/common.properties 
[2019-11-08 17:58:17] [INFO]   os.getcwd() is /home/fisco-bcos/webase-deploy
[2019-11-08 17:58:17] [INFO]  commProperties is /home/fisco-bcos/webase-deploy/common.properties 
[2019-11-08 17:58:17] [INFO]   os.getcwd() is /home/fisco-bcos/webase-deploy
[2019-11-08 17:58:17] [INFO]  commProperties is /home/fisco-bcos/webase-deploy/common.properties 
[2019-11-08 17:58:17] [INFO]   os.getcwd() is /home/fisco-bcos/webase-deploy
[2019-11-08 17:58:17] [INFO]  commProperties is /home/fisco-bcos/webase-deploy/common.properties 
[2019-11-08 17:58:17] [INFO]   os.getcwd() is /home/fisco-bcos/webase-deploy
[2019-11-08 17:58:17] [INFO]  commProperties is /home/fisco-bcos/webase-deploy/common.properties 
[2019-11-08 17:58:17] [INFO]   os.getcwd() is /home/fisco-bcos/webase-deploy
[2019-11-08 17:58:17] [INFO]  commProperties is /home/fisco-bcos/webase-deploy/common.properties 
[2019-11-08 17:58:17] [INFO]   os.getcwd() is /home/fisco-bcos/webase-deploy
[2019-11-08 17:58:17] [INFO]  commProperties is /home/fisco-bcos/webase-deploy/common.properties 
[2019-11-08 17:58:17] [INFO]   os.getcwd() is /home/fisco-bcos/webase-deploy
[2019-11-08 17:58:17] [INFO]  commProperties is /home/fisco-bcos/webase-deploy/common.properties 
[2019-11-08 17:58:17] [INFO]   os.getcwd() is /home/fisco-bcos/webase-deploy
[2019-11-08 17:58:17] [INFO]  commProperties is /home/fisco-bcos/webase-deploy/common.properties 
[2019-11-08 17:58:17] [INFO]   os.getcwd() is /home/fisco-bcos/webase-deploy
[2019-11-08 17:58:17] [INFO]  commProperties is /home/fisco-bcos/webase-deploy/common.properties 
